CRITICAL - 2023-06-28 05:43:38 --> There is no data to insert.
in SYSTEMPATH\BaseModel.php on line 762.
 1 SYSTEMPATH\BaseModel.php(762): CodeIgniter\Database\Exceptions\DataException::forEmptyDataset('insert')
 2 SYSTEMPATH\Model.php(730): CodeIgniter\BaseModel->insert([], true)
 3 APPPATH\Controllers\NotesController.php(73): CodeIgniter\Model->insert([...])
 4 SYSTEMPATH\CodeIgniter.php(932): App\Controllers\NotesController->create()
 5 SYSTEMPATH\CodeIgniter.php(497): CodeIgniter\CodeIgniter->runController(Object(App\Controllers\NotesController))
 6 SYSTEMPATH\CodeIgniter.php(366): CodeIgniter\CodeIgniter->handleRequest(null, Object(Config\Cache), false)
 7 FCPATH\index.php(67): CodeIgniter\CodeIgniter->run()
 8 SYSTEMPATH\Commands\Server\rewrite.php(47): require_once('F:\\11. Web Development\\Project Belajar\\notes-restapi\\public\\index.php')
CRITICAL - 2023-06-28 05:43:41 --> There is no data to insert.
in SYSTEMPATH\BaseModel.php on line 762.
 1 SYSTEMPATH\BaseModel.php(762): CodeIgniter\Database\Exceptions\DataException::forEmptyDataset('insert')
 2 SYSTEMPATH\Model.php(730): CodeIgniter\BaseModel->insert([], true)
 3 APPPATH\Controllers\NotesController.php(73): CodeIgniter\Model->insert([...])
 4 SYSTEMPATH\CodeIgniter.php(932): App\Controllers\NotesController->create()
 5 SYSTEMPATH\CodeIgniter.php(497): CodeIgniter\CodeIgniter->runController(Object(App\Controllers\NotesController))
 6 SYSTEMPATH\CodeIgniter.php(366): CodeIgniter\CodeIgniter->handleRequest(null, Object(Config\Cache), false)
 7 FCPATH\index.php(67): CodeIgniter\CodeIgniter->run()
 8 SYSTEMPATH\Commands\Server\rewrite.php(47): require_once('F:\\11. Web Development\\Project Belajar\\notes-restapi\\public\\index.php')
ERROR - 2023-06-28 05:44:36 --> mysqli_sql_exception: Unknown column 'created_at' in 'field list' in F:\11. Web Development\Project Belajar\notes-restapi\system\Database\MySQLi\Connection.php:295
Stack trace:
#0 F:\11. Web Development\Project Belajar\notes-restapi\system\Database\MySQLi\Connection.php(295): mysqli->query('INSERT INTO `no...', 0)
#1 F:\11. Web Development\Project Belajar\notes-restapi\system\Database\BaseConnection.php(692): CodeIgniter\Database\MySQLi\Connection->execute('INSERT INTO `no...')
#2 F:\11. Web Development\Project Belajar\notes-restapi\system\Database\BaseConnection.php(606): CodeIgniter\Database\BaseConnection->simpleQuery('INSERT INTO `no...')
#3 F:\11. Web Development\Project Belajar\notes-restapi\system\Database\BaseBuilder.php(2309): CodeIgniter\Database\BaseConnection->query('INSERT INTO `no...', Array, false)
#4 F:\11. Web Development\Project Belajar\notes-restapi\system\Model.php(330): CodeIgniter\Database\BaseBuilder->insert()
#5 F:\11. Web Development\Project Belajar\notes-restapi\system\BaseModel.php(782): CodeIgniter\Model->doInsert(Array)
#6 F:\11. Web Development\Project Belajar\notes-restapi\system\Model.php(730): CodeIgniter\BaseModel->insert(Array, true)
#7 F:\11. Web Development\Project Belajar\notes-restapi\app\Controllers\NotesController.php(69): CodeIgniter\Model->insert(Array)
#8 F:\11. Web Development\Project Belajar\notes-restapi\system\CodeIgniter.php(932): App\Controllers\NotesController->create()
#9 F:\11. Web Development\Project Belajar\notes-restapi\system\CodeIgniter.php(497): CodeIgniter\CodeIgniter->runController(Object(App\Controllers\NotesController))
#10 F:\11. Web Development\Project Belajar\notes-restapi\system\CodeIgniter.php(366): CodeIgniter\CodeIgniter->handleRequest(NULL, Object(Config\Cache), false)
#11 F:\11. Web Development\Project Belajar\notes-restapi\public\index.php(67): CodeIgniter\CodeIgniter->run()
#12 F:\11. Web Development\Project Belajar\notes-restapi\system\Commands\Server\rewrite.php(47): require_once('F:\\11. Web Deve...')
#13 {main}
CRITICAL - 2023-06-28 05:44:36 --> Unknown column 'created_at' in 'field list'
in SYSTEMPATH\Database\MySQLi\Connection.php on line 295.
 1 SYSTEMPATH\Database\MySQLi\Connection.php(295): mysqli->query('INSERT INTO `notes` (`title`, `content`, `created_at`, `updated_at`) VALUES (\'Coba Tambah\', \'ini merupakan notes baru\', \'2023-06-28 05:44:36\', \'2023-06-28 05:44:36\')', 0)
 2 SYSTEMPATH\Database\BaseConnection.php(692): CodeIgniter\Database\MySQLi\Connection->execute('INSERT INTO `notes` (`title`, `content`, `created_at`, `updated_at`) VALUES (\'Coba Tambah\', \'ini merupakan notes baru\', \'2023-06-28 05:44:36\', \'2023-06-28 05:44:36\')')
 3 SYSTEMPATH\Database\BaseConnection.php(606): CodeIgniter\Database\BaseConnection->simpleQuery('INSERT INTO `notes` (`title`, `content`, `created_at`, `updated_at`) VALUES (\'Coba Tambah\', \'ini merupakan notes baru\', \'2023-06-28 05:44:36\', \'2023-06-28 05:44:36\')')
 4 SYSTEMPATH\Database\BaseBuilder.php(2309): CodeIgniter\Database\BaseConnection->query('INSERT INTO `notes` (`title`, `content`, `created_at`, `updated_at`) VALUES (:title:, :content:, :created_at:, :updated_at:)', [...], false)
 5 SYSTEMPATH\Model.php(330): CodeIgniter\Database\BaseBuilder->insert()
 6 SYSTEMPATH\BaseModel.php(782): CodeIgniter\Model->doInsert([...])
 7 SYSTEMPATH\Model.php(730): CodeIgniter\BaseModel->insert([...], true)
 8 APPPATH\Controllers\NotesController.php(69): CodeIgniter\Model->insert([...])
 9 SYSTEMPATH\CodeIgniter.php(932): App\Controllers\NotesController->create()
10 SYSTEMPATH\CodeIgniter.php(497): CodeIgniter\CodeIgniter->runController(Object(App\Controllers\NotesController))
11 SYSTEMPATH\CodeIgniter.php(366): CodeIgniter\CodeIgniter->handleRequest(null, Object(Config\Cache), false)
12 FCPATH\index.php(67): CodeIgniter\CodeIgniter->run()
13 SYSTEMPATH\Commands\Server\rewrite.php(47): require_once('F:\\11. Web Development\\Project Belajar\\notes-restapi\\public\\index.php')
ERROR - 2023-06-28 05:50:27 --> mysqli_sql_exception: Unknown column 'created_at' in 'field list' in F:\11. Web Development\Project Belajar\notes-restapi\system\Database\MySQLi\Connection.php:295
Stack trace:
#0 F:\11. Web Development\Project Belajar\notes-restapi\system\Database\MySQLi\Connection.php(295): mysqli->query('INSERT INTO `no...', 0)
#1 F:\11. Web Development\Project Belajar\notes-restapi\system\Database\BaseConnection.php(692): CodeIgniter\Database\MySQLi\Connection->execute('INSERT INTO `no...')
#2 F:\11. Web Development\Project Belajar\notes-restapi\system\Database\BaseConnection.php(606): CodeIgniter\Database\BaseConnection->simpleQuery('INSERT INTO `no...')
#3 F:\11. Web Development\Project Belajar\notes-restapi\system\Database\BaseBuilder.php(2309): CodeIgniter\Database\BaseConnection->query('INSERT INTO `no...', Array, false)
#4 F:\11. Web Development\Project Belajar\notes-restapi\system\Model.php(330): CodeIgniter\Database\BaseBuilder->insert()
#5 F:\11. Web Development\Project Belajar\notes-restapi\system\BaseModel.php(782): CodeIgniter\Model->doInsert(Array)
#6 F:\11. Web Development\Project Belajar\notes-restapi\system\Model.php(730): CodeIgniter\BaseModel->insert(Array, true)
#7 F:\11. Web Development\Project Belajar\notes-restapi\app\Controllers\NotesController.php(69): CodeIgniter\Model->insert(Array)
#8 F:\11. Web Development\Project Belajar\notes-restapi\system\CodeIgniter.php(932): App\Controllers\NotesController->create()
#9 F:\11. Web Development\Project Belajar\notes-restapi\system\CodeIgniter.php(497): CodeIgniter\CodeIgniter->runController(Object(App\Controllers\NotesController))
#10 F:\11. Web Development\Project Belajar\notes-restapi\system\CodeIgniter.php(366): CodeIgniter\CodeIgniter->handleRequest(NULL, Object(Config\Cache), false)
#11 F:\11. Web Development\Project Belajar\notes-restapi\public\index.php(67): CodeIgniter\CodeIgniter->run()
#12 F:\11. Web Development\Project Belajar\notes-restapi\system\Commands\Server\rewrite.php(47): require_once('F:\\11. Web Deve...')
#13 {main}
CRITICAL - 2023-06-28 05:50:27 --> Unknown column 'created_at' in 'field list'
in SYSTEMPATH\Database\MySQLi\Connection.php on line 295.
 1 SYSTEMPATH\Database\MySQLi\Connection.php(295): mysqli->query('INSERT INTO `notes` (`title`, `content`, `created_at`, `updated_at`) VALUES (\'Coba Tambah\', \'ini merupakan notes baru\', \'2023-06-28 05:50:27\', \'2023-06-28 05:50:27\')', 0)
 2 SYSTEMPATH\Database\BaseConnection.php(692): CodeIgniter\Database\MySQLi\Connection->execute('INSERT INTO `notes` (`title`, `content`, `created_at`, `updated_at`) VALUES (\'Coba Tambah\', \'ini merupakan notes baru\', \'2023-06-28 05:50:27\', \'2023-06-28 05:50:27\')')
 3 SYSTEMPATH\Database\BaseConnection.php(606): CodeIgniter\Database\BaseConnection->simpleQuery('INSERT INTO `notes` (`title`, `content`, `created_at`, `updated_at`) VALUES (\'Coba Tambah\', \'ini merupakan notes baru\', \'2023-06-28 05:50:27\', \'2023-06-28 05:50:27\')')
 4 SYSTEMPATH\Database\BaseBuilder.php(2309): CodeIgniter\Database\BaseConnection->query('INSERT INTO `notes` (`title`, `content`, `created_at`, `updated_at`) VALUES (:title:, :content:, :created_at:, :updated_at:)', [...], false)
 5 SYSTEMPATH\Model.php(330): CodeIgniter\Database\BaseBuilder->insert()
 6 SYSTEMPATH\BaseModel.php(782): CodeIgniter\Model->doInsert([...])
 7 SYSTEMPATH\Model.php(730): CodeIgniter\BaseModel->insert([...], true)
 8 APPPATH\Controllers\NotesController.php(69): CodeIgniter\Model->insert([...])
 9 SYSTEMPATH\CodeIgniter.php(932): App\Controllers\NotesController->create()
10 SYSTEMPATH\CodeIgniter.php(497): CodeIgniter\CodeIgniter->runController(Object(App\Controllers\NotesController))
11 SYSTEMPATH\CodeIgniter.php(366): CodeIgniter\CodeIgniter->handleRequest(null, Object(Config\Cache), false)
12 FCPATH\index.php(67): CodeIgniter\CodeIgniter->run()
13 SYSTEMPATH\Commands\Server\rewrite.php(47): require_once('F:\\11. Web Development\\Project Belajar\\notes-restapi\\public\\index.php')
ERROR - 2023-06-28 05:51:13 --> mysqli_sql_exception: Unknown column 'created_at' in 'field list' in F:\11. Web Development\Project Belajar\notes-restapi\system\Database\MySQLi\Connection.php:295
Stack trace:
#0 F:\11. Web Development\Project Belajar\notes-restapi\system\Database\MySQLi\Connection.php(295): mysqli->query('INSERT INTO `no...', 0)
#1 F:\11. Web Development\Project Belajar\notes-restapi\system\Database\BaseConnection.php(692): CodeIgniter\Database\MySQLi\Connection->execute('INSERT INTO `no...')
#2 F:\11. Web Development\Project Belajar\notes-restapi\system\Database\BaseConnection.php(606): CodeIgniter\Database\BaseConnection->simpleQuery('INSERT INTO `no...')
#3 F:\11. Web Development\Project Belajar\notes-restapi\system\Database\BaseBuilder.php(2309): CodeIgniter\Database\BaseConnection->query('INSERT INTO `no...', Array, false)
#4 F:\11. Web Development\Project Belajar\notes-restapi\system\Model.php(330): CodeIgniter\Database\BaseBuilder->insert()
#5 F:\11. Web Development\Project Belajar\notes-restapi\system\BaseModel.php(782): CodeIgniter\Model->doInsert(Array)
#6 F:\11. Web Development\Project Belajar\notes-restapi\system\Model.php(730): CodeIgniter\BaseModel->insert(Array, true)
#7 F:\11. Web Development\Project Belajar\notes-restapi\app\Controllers\NotesController.php(69): CodeIgniter\Model->insert(Array)
#8 F:\11. Web Development\Project Belajar\notes-restapi\system\CodeIgniter.php(932): App\Controllers\NotesController->create()
#9 F:\11. Web Development\Project Belajar\notes-restapi\system\CodeIgniter.php(497): CodeIgniter\CodeIgniter->runController(Object(App\Controllers\NotesController))
#10 F:\11. Web Development\Project Belajar\notes-restapi\system\CodeIgniter.php(366): CodeIgniter\CodeIgniter->handleRequest(NULL, Object(Config\Cache), false)
#11 F:\11. Web Development\Project Belajar\notes-restapi\public\index.php(67): CodeIgniter\CodeIgniter->run()
#12 F:\11. Web Development\Project Belajar\notes-restapi\system\Commands\Server\rewrite.php(47): require_once('F:\\11. Web Deve...')
#13 {main}
CRITICAL - 2023-06-28 05:51:13 --> Unknown column 'created_at' in 'field list'
in SYSTEMPATH\Database\MySQLi\Connection.php on line 295.
 1 SYSTEMPATH\Database\MySQLi\Connection.php(295): mysqli->query('INSERT INTO `notes` (`title`, `content`, `created_at`, `updated_at`) VALUES (\'Coba Tambah\', \'ini merupakan notes baru\', \'2023-06-28 05:51:13\', \'2023-06-28 05:51:13\')', 0)
 2 SYSTEMPATH\Database\BaseConnection.php(692): CodeIgniter\Database\MySQLi\Connection->execute('INSERT INTO `notes` (`title`, `content`, `created_at`, `updated_at`) VALUES (\'Coba Tambah\', \'ini merupakan notes baru\', \'2023-06-28 05:51:13\', \'2023-06-28 05:51:13\')')
 3 SYSTEMPATH\Database\BaseConnection.php(606): CodeIgniter\Database\BaseConnection->simpleQuery('INSERT INTO `notes` (`title`, `content`, `created_at`, `updated_at`) VALUES (\'Coba Tambah\', \'ini merupakan notes baru\', \'2023-06-28 05:51:13\', \'2023-06-28 05:51:13\')')
 4 SYSTEMPATH\Database\BaseBuilder.php(2309): CodeIgniter\Database\BaseConnection->query('INSERT INTO `notes` (`title`, `content`, `created_at`, `updated_at`) VALUES (:title:, :content:, :created_at:, :updated_at:)', [...], false)
 5 SYSTEMPATH\Model.php(330): CodeIgniter\Database\BaseBuilder->insert()
 6 SYSTEMPATH\BaseModel.php(782): CodeIgniter\Model->doInsert([...])
 7 SYSTEMPATH\Model.php(730): CodeIgniter\BaseModel->insert([...], true)
 8 APPPATH\Controllers\NotesController.php(69): CodeIgniter\Model->insert([...])
 9 SYSTEMPATH\CodeIgniter.php(932): App\Controllers\NotesController->create()
10 SYSTEMPATH\CodeIgniter.php(497): CodeIgniter\CodeIgniter->runController(Object(App\Controllers\NotesController))
11 SYSTEMPATH\CodeIgniter.php(366): CodeIgniter\CodeIgniter->handleRequest(null, Object(Config\Cache), false)
12 FCPATH\index.php(67): CodeIgniter\CodeIgniter->run()
13 SYSTEMPATH\Commands\Server\rewrite.php(47): require_once('F:\\11. Web Development\\Project Belajar\\notes-restapi\\public\\index.php')
ERROR - 2023-06-28 05:51:28 --> mysqli_sql_exception: Unknown column 'created_at' in 'field list' in F:\11. Web Development\Project Belajar\notes-restapi\system\Database\MySQLi\Connection.php:295
Stack trace:
#0 F:\11. Web Development\Project Belajar\notes-restapi\system\Database\MySQLi\Connection.php(295): mysqli->query('INSERT INTO `no...', 0)
#1 F:\11. Web Development\Project Belajar\notes-restapi\system\Database\BaseConnection.php(692): CodeIgniter\Database\MySQLi\Connection->execute('INSERT INTO `no...')
#2 F:\11. Web Development\Project Belajar\notes-restapi\system\Database\BaseConnection.php(606): CodeIgniter\Database\BaseConnection->simpleQuery('INSERT INTO `no...')
#3 F:\11. Web Development\Project Belajar\notes-restapi\system\Database\BaseBuilder.php(2309): CodeIgniter\Database\BaseConnection->query('INSERT INTO `no...', Array, false)
#4 F:\11. Web Development\Project Belajar\notes-restapi\system\Model.php(330): CodeIgniter\Database\BaseBuilder->insert()
#5 F:\11. Web Development\Project Belajar\notes-restapi\system\BaseModel.php(782): CodeIgniter\Model->doInsert(Array)
#6 F:\11. Web Development\Project Belajar\notes-restapi\system\Model.php(730): CodeIgniter\BaseModel->insert(Array, true)
#7 F:\11. Web Development\Project Belajar\notes-restapi\app\Controllers\NotesController.php(69): CodeIgniter\Model->insert(Array)
#8 F:\11. Web Development\Project Belajar\notes-restapi\system\CodeIgniter.php(932): App\Controllers\NotesController->create()
#9 F:\11. Web Development\Project Belajar\notes-restapi\system\CodeIgniter.php(497): CodeIgniter\CodeIgniter->runController(Object(App\Controllers\NotesController))
#10 F:\11. Web Development\Project Belajar\notes-restapi\system\CodeIgniter.php(366): CodeIgniter\CodeIgniter->handleRequest(NULL, Object(Config\Cache), false)
#11 F:\11. Web Development\Project Belajar\notes-restapi\public\index.php(67): CodeIgniter\CodeIgniter->run()
#12 F:\11. Web Development\Project Belajar\notes-restapi\system\Commands\Server\rewrite.php(47): require_once('F:\\11. Web Deve...')
#13 {main}
CRITICAL - 2023-06-28 05:51:28 --> Unknown column 'created_at' in 'field list'
in SYSTEMPATH\Database\MySQLi\Connection.php on line 295.
 1 SYSTEMPATH\Database\MySQLi\Connection.php(295): mysqli->query('INSERT INTO `notes` (`title`, `content`, `created_at`, `updated_at`) VALUES (\'Coba Tambah\', \'ini merupakan notes baru\', \'2023-06-28 05:51:28\', \'2023-06-28 05:51:28\')', 0)
 2 SYSTEMPATH\Database\BaseConnection.php(692): CodeIgniter\Database\MySQLi\Connection->execute('INSERT INTO `notes` (`title`, `content`, `created_at`, `updated_at`) VALUES (\'Coba Tambah\', \'ini merupakan notes baru\', \'2023-06-28 05:51:28\', \'2023-06-28 05:51:28\')')
 3 SYSTEMPATH\Database\BaseConnection.php(606): CodeIgniter\Database\BaseConnection->simpleQuery('INSERT INTO `notes` (`title`, `content`, `created_at`, `updated_at`) VALUES (\'Coba Tambah\', \'ini merupakan notes baru\', \'2023-06-28 05:51:28\', \'2023-06-28 05:51:28\')')
 4 SYSTEMPATH\Database\BaseBuilder.php(2309): CodeIgniter\Database\BaseConnection->query('INSERT INTO `notes` (`title`, `content`, `created_at`, `updated_at`) VALUES (:title:, :content:, :created_at:, :updated_at:)', [...], false)
 5 SYSTEMPATH\Model.php(330): CodeIgniter\Database\BaseBuilder->insert()
 6 SYSTEMPATH\BaseModel.php(782): CodeIgniter\Model->doInsert([...])
 7 SYSTEMPATH\Model.php(730): CodeIgniter\BaseModel->insert([...], true)
 8 APPPATH\Controllers\NotesController.php(69): CodeIgniter\Model->insert([...])
 9 SYSTEMPATH\CodeIgniter.php(932): App\Controllers\NotesController->create()
10 SYSTEMPATH\CodeIgniter.php(497): CodeIgniter\CodeIgniter->runController(Object(App\Controllers\NotesController))
11 SYSTEMPATH\CodeIgniter.php(366): CodeIgniter\CodeIgniter->handleRequest(null, Object(Config\Cache), false)
12 FCPATH\index.php(67): CodeIgniter\CodeIgniter->run()
13 SYSTEMPATH\Commands\Server\rewrite.php(47): require_once('F:\\11. Web Development\\Project Belajar\\notes-restapi\\public\\index.php')
ERROR - 2023-06-28 05:52:16 --> mysqli_sql_exception: Unknown column 'created_at' in 'field list' in F:\11. Web Development\Project Belajar\notes-restapi\system\Database\MySQLi\Connection.php:295
Stack trace:
#0 F:\11. Web Development\Project Belajar\notes-restapi\system\Database\MySQLi\Connection.php(295): mysqli->query('INSERT INTO `no...', 0)
#1 F:\11. Web Development\Project Belajar\notes-restapi\system\Database\BaseConnection.php(692): CodeIgniter\Database\MySQLi\Connection->execute('INSERT INTO `no...')
#2 F:\11. Web Development\Project Belajar\notes-restapi\system\Database\BaseConnection.php(606): CodeIgniter\Database\BaseConnection->simpleQuery('INSERT INTO `no...')
#3 F:\11. Web Development\Project Belajar\notes-restapi\system\Database\BaseBuilder.php(2309): CodeIgniter\Database\BaseConnection->query('INSERT INTO `no...', Array, false)
#4 F:\11. Web Development\Project Belajar\notes-restapi\system\Model.php(330): CodeIgniter\Database\BaseBuilder->insert()
#5 F:\11. Web Development\Project Belajar\notes-restapi\system\BaseModel.php(782): CodeIgniter\Model->doInsert(Array)
#6 F:\11. Web Development\Project Belajar\notes-restapi\system\Model.php(730): CodeIgniter\BaseModel->insert(Array, true)
#7 F:\11. Web Development\Project Belajar\notes-restapi\app\Controllers\NotesController.php(69): CodeIgniter\Model->insert(Array)
#8 F:\11. Web Development\Project Belajar\notes-restapi\system\CodeIgniter.php(932): App\Controllers\NotesController->create()
#9 F:\11. Web Development\Project Belajar\notes-restapi\system\CodeIgniter.php(497): CodeIgniter\CodeIgniter->runController(Object(App\Controllers\NotesController))
#10 F:\11. Web Development\Project Belajar\notes-restapi\system\CodeIgniter.php(366): CodeIgniter\CodeIgniter->handleRequest(NULL, Object(Config\Cache), false)
#11 F:\11. Web Development\Project Belajar\notes-restapi\public\index.php(67): CodeIgniter\CodeIgniter->run()
#12 F:\11. Web Development\Project Belajar\notes-restapi\system\Commands\Server\rewrite.php(47): require_once('F:\\11. Web Deve...')
#13 {main}
CRITICAL - 2023-06-28 05:52:16 --> Unknown column 'created_at' in 'field list'
in SYSTEMPATH\Database\MySQLi\Connection.php on line 295.
 1 SYSTEMPATH\Database\MySQLi\Connection.php(295): mysqli->query('INSERT INTO `notes` (`title`, `content`, `created_at`, `updated_at`) VALUES (\'Ini Judul\', \'Ini Konten\', \'2023-06-28 05:52:16\', \'2023-06-28 05:52:16\')', 0)
 2 SYSTEMPATH\Database\BaseConnection.php(692): CodeIgniter\Database\MySQLi\Connection->execute('INSERT INTO `notes` (`title`, `content`, `created_at`, `updated_at`) VALUES (\'Ini Judul\', \'Ini Konten\', \'2023-06-28 05:52:16\', \'2023-06-28 05:52:16\')')
 3 SYSTEMPATH\Database\BaseConnection.php(606): CodeIgniter\Database\BaseConnection->simpleQuery('INSERT INTO `notes` (`title`, `content`, `created_at`, `updated_at`) VALUES (\'Ini Judul\', \'Ini Konten\', \'2023-06-28 05:52:16\', \'2023-06-28 05:52:16\')')
 4 SYSTEMPATH\Database\BaseBuilder.php(2309): CodeIgniter\Database\BaseConnection->query('INSERT INTO `notes` (`title`, `content`, `created_at`, `updated_at`) VALUES (:title:, :content:, :created_at:, :updated_at:)', [...], false)
 5 SYSTEMPATH\Model.php(330): CodeIgniter\Database\BaseBuilder->insert()
 6 SYSTEMPATH\BaseModel.php(782): CodeIgniter\Model->doInsert([...])
 7 SYSTEMPATH\Model.php(730): CodeIgniter\BaseModel->insert([...], true)
 8 APPPATH\Controllers\NotesController.php(69): CodeIgniter\Model->insert([...])
 9 SYSTEMPATH\CodeIgniter.php(932): App\Controllers\NotesController->create()
10 SYSTEMPATH\CodeIgniter.php(497): CodeIgniter\CodeIgniter->runController(Object(App\Controllers\NotesController))
11 SYSTEMPATH\CodeIgniter.php(366): CodeIgniter\CodeIgniter->handleRequest(null, Object(Config\Cache), false)
12 FCPATH\index.php(67): CodeIgniter\CodeIgniter->run()
13 SYSTEMPATH\Commands\Server\rewrite.php(47): require_once('F:\\11. Web Development\\Project Belajar\\notes-restapi\\public\\index.php')
ERROR - 2023-06-28 05:52:25 --> mysqli_sql_exception: Unknown column 'created_at' in 'field list' in F:\11. Web Development\Project Belajar\notes-restapi\system\Database\MySQLi\Connection.php:295
Stack trace:
#0 F:\11. Web Development\Project Belajar\notes-restapi\system\Database\MySQLi\Connection.php(295): mysqli->query('INSERT INTO `no...', 0)
#1 F:\11. Web Development\Project Belajar\notes-restapi\system\Database\BaseConnection.php(692): CodeIgniter\Database\MySQLi\Connection->execute('INSERT INTO `no...')
#2 F:\11. Web Development\Project Belajar\notes-restapi\system\Database\BaseConnection.php(606): CodeIgniter\Database\BaseConnection->simpleQuery('INSERT INTO `no...')
#3 F:\11. Web Development\Project Belajar\notes-restapi\system\Database\BaseBuilder.php(2309): CodeIgniter\Database\BaseConnection->query('INSERT INTO `no...', Array, false)
#4 F:\11. Web Development\Project Belajar\notes-restapi\system\Model.php(330): CodeIgniter\Database\BaseBuilder->insert()
#5 F:\11. Web Development\Project Belajar\notes-restapi\system\BaseModel.php(782): CodeIgniter\Model->doInsert(Array)
#6 F:\11. Web Development\Project Belajar\notes-restapi\system\Model.php(730): CodeIgniter\BaseModel->insert(Array, true)
#7 F:\11. Web Development\Project Belajar\notes-restapi\app\Controllers\NotesController.php(69): CodeIgniter\Model->insert(Array)
#8 F:\11. Web Development\Project Belajar\notes-restapi\system\CodeIgniter.php(932): App\Controllers\NotesController->create()
#9 F:\11. Web Development\Project Belajar\notes-restapi\system\CodeIgniter.php(497): CodeIgniter\CodeIgniter->runController(Object(App\Controllers\NotesController))
#10 F:\11. Web Development\Project Belajar\notes-restapi\system\CodeIgniter.php(366): CodeIgniter\CodeIgniter->handleRequest(NULL, Object(Config\Cache), false)
#11 F:\11. Web Development\Project Belajar\notes-restapi\public\index.php(67): CodeIgniter\CodeIgniter->run()
#12 F:\11. Web Development\Project Belajar\notes-restapi\system\Commands\Server\rewrite.php(47): require_once('F:\\11. Web Deve...')
#13 {main}
CRITICAL - 2023-06-28 05:52:25 --> Unknown column 'created_at' in 'field list'
in SYSTEMPATH\Database\MySQLi\Connection.php on line 295.
 1 SYSTEMPATH\Database\MySQLi\Connection.php(295): mysqli->query('INSERT INTO `notes` (`title`, `content`, `created_at`, `updated_at`) VALUES (\'Ini Judul\', \'Ini Konten\', \'2023-06-28 05:52:25\', \'2023-06-28 05:52:25\')', 0)
 2 SYSTEMPATH\Database\BaseConnection.php(692): CodeIgniter\Database\MySQLi\Connection->execute('INSERT INTO `notes` (`title`, `content`, `created_at`, `updated_at`) VALUES (\'Ini Judul\', \'Ini Konten\', \'2023-06-28 05:52:25\', \'2023-06-28 05:52:25\')')
 3 SYSTEMPATH\Database\BaseConnection.php(606): CodeIgniter\Database\BaseConnection->simpleQuery('INSERT INTO `notes` (`title`, `content`, `created_at`, `updated_at`) VALUES (\'Ini Judul\', \'Ini Konten\', \'2023-06-28 05:52:25\', \'2023-06-28 05:52:25\')')
 4 SYSTEMPATH\Database\BaseBuilder.php(2309): CodeIgniter\Database\BaseConnection->query('INSERT INTO `notes` (`title`, `content`, `created_at`, `updated_at`) VALUES (:title:, :content:, :created_at:, :updated_at:)', [...], false)
 5 SYSTEMPATH\Model.php(330): CodeIgniter\Database\BaseBuilder->insert()
 6 SYSTEMPATH\BaseModel.php(782): CodeIgniter\Model->doInsert([...])
 7 SYSTEMPATH\Model.php(730): CodeIgniter\BaseModel->insert([...], true)
 8 APPPATH\Controllers\NotesController.php(69): CodeIgniter\Model->insert([...])
 9 SYSTEMPATH\CodeIgniter.php(932): App\Controllers\NotesController->create()
10 SYSTEMPATH\CodeIgniter.php(497): CodeIgniter\CodeIgniter->runController(Object(App\Controllers\NotesController))
11 SYSTEMPATH\CodeIgniter.php(366): CodeIgniter\CodeIgniter->handleRequest(null, Object(Config\Cache), false)
12 FCPATH\index.php(67): CodeIgniter\CodeIgniter->run()
13 SYSTEMPATH\Commands\Server\rewrite.php(47): require_once('F:\\11. Web Development\\Project Belajar\\notes-restapi\\public\\index.php')
ERROR - 2023-06-28 05:52:27 --> mysqli_sql_exception: Unknown column 'created_at' in 'field list' in F:\11. Web Development\Project Belajar\notes-restapi\system\Database\MySQLi\Connection.php:295
Stack trace:
#0 F:\11. Web Development\Project Belajar\notes-restapi\system\Database\MySQLi\Connection.php(295): mysqli->query('INSERT INTO `no...', 0)
#1 F:\11. Web Development\Project Belajar\notes-restapi\system\Database\BaseConnection.php(692): CodeIgniter\Database\MySQLi\Connection->execute('INSERT INTO `no...')
#2 F:\11. Web Development\Project Belajar\notes-restapi\system\Database\BaseConnection.php(606): CodeIgniter\Database\BaseConnection->simpleQuery('INSERT INTO `no...')
#3 F:\11. Web Development\Project Belajar\notes-restapi\system\Database\BaseBuilder.php(2309): CodeIgniter\Database\BaseConnection->query('INSERT INTO `no...', Array, false)
#4 F:\11. Web Development\Project Belajar\notes-restapi\system\Model.php(330): CodeIgniter\Database\BaseBuilder->insert()
#5 F:\11. Web Development\Project Belajar\notes-restapi\system\BaseModel.php(782): CodeIgniter\Model->doInsert(Array)
#6 F:\11. Web Development\Project Belajar\notes-restapi\system\Model.php(730): CodeIgniter\BaseModel->insert(Array, true)
#7 F:\11. Web Development\Project Belajar\notes-restapi\app\Controllers\NotesController.php(69): CodeIgniter\Model->insert(Array)
#8 F:\11. Web Development\Project Belajar\notes-restapi\system\CodeIgniter.php(932): App\Controllers\NotesController->create()
#9 F:\11. Web Development\Project Belajar\notes-restapi\system\CodeIgniter.php(497): CodeIgniter\CodeIgniter->runController(Object(App\Controllers\NotesController))
#10 F:\11. Web Development\Project Belajar\notes-restapi\system\CodeIgniter.php(366): CodeIgniter\CodeIgniter->handleRequest(NULL, Object(Config\Cache), false)
#11 F:\11. Web Development\Project Belajar\notes-restapi\public\index.php(67): CodeIgniter\CodeIgniter->run()
#12 F:\11. Web Development\Project Belajar\notes-restapi\system\Commands\Server\rewrite.php(47): require_once('F:\\11. Web Deve...')
#13 {main}
CRITICAL - 2023-06-28 05:52:27 --> Unknown column 'created_at' in 'field list'
in SYSTEMPATH\Database\MySQLi\Connection.php on line 295.
 1 SYSTEMPATH\Database\MySQLi\Connection.php(295): mysqli->query('INSERT INTO `notes` (`title`, `content`, `created_at`, `updated_at`) VALUES (\'Ini Judul\', \'Ini Konten\', \'2023-06-28 05:52:27\', \'2023-06-28 05:52:27\')', 0)
 2 SYSTEMPATH\Database\BaseConnection.php(692): CodeIgniter\Database\MySQLi\Connection->execute('INSERT INTO `notes` (`title`, `content`, `created_at`, `updated_at`) VALUES (\'Ini Judul\', \'Ini Konten\', \'2023-06-28 05:52:27\', \'2023-06-28 05:52:27\')')
 3 SYSTEMPATH\Database\BaseConnection.php(606): CodeIgniter\Database\BaseConnection->simpleQuery('INSERT INTO `notes` (`title`, `content`, `created_at`, `updated_at`) VALUES (\'Ini Judul\', \'Ini Konten\', \'2023-06-28 05:52:27\', \'2023-06-28 05:52:27\')')
 4 SYSTEMPATH\Database\BaseBuilder.php(2309): CodeIgniter\Database\BaseConnection->query('INSERT INTO `notes` (`title`, `content`, `created_at`, `updated_at`) VALUES (:title:, :content:, :created_at:, :updated_at:)', [...], false)
 5 SYSTEMPATH\Model.php(330): CodeIgniter\Database\BaseBuilder->insert()
 6 SYSTEMPATH\BaseModel.php(782): CodeIgniter\Model->doInsert([...])
 7 SYSTEMPATH\Model.php(730): CodeIgniter\BaseModel->insert([...], true)
 8 APPPATH\Controllers\NotesController.php(69): CodeIgniter\Model->insert([...])
 9 SYSTEMPATH\CodeIgniter.php(932): App\Controllers\NotesController->create()
10 SYSTEMPATH\CodeIgniter.php(497): CodeIgniter\CodeIgniter->runController(Object(App\Controllers\NotesController))
11 SYSTEMPATH\CodeIgniter.php(366): CodeIgniter\CodeIgniter->handleRequest(null, Object(Config\Cache), false)
12 FCPATH\index.php(67): CodeIgniter\CodeIgniter->run()
13 SYSTEMPATH\Commands\Server\rewrite.php(47): require_once('F:\\11. Web Development\\Project Belajar\\notes-restapi\\public\\index.php')
ERROR - 2023-06-28 05:53:57 --> mysqli_sql_exception: Unknown column 'created_at' in 'field list' in F:\11. Web Development\Project Belajar\notes-restapi\system\Database\MySQLi\Connection.php:295
Stack trace:
#0 F:\11. Web Development\Project Belajar\notes-restapi\system\Database\MySQLi\Connection.php(295): mysqli->query('INSERT INTO `no...', 0)
#1 F:\11. Web Development\Project Belajar\notes-restapi\system\Database\BaseConnection.php(692): CodeIgniter\Database\MySQLi\Connection->execute('INSERT INTO `no...')
#2 F:\11. Web Development\Project Belajar\notes-restapi\system\Database\BaseConnection.php(606): CodeIgniter\Database\BaseConnection->simpleQuery('INSERT INTO `no...')
#3 F:\11. Web Development\Project Belajar\notes-restapi\system\Database\BaseBuilder.php(2309): CodeIgniter\Database\BaseConnection->query('INSERT INTO `no...', Array, false)
#4 F:\11. Web Development\Project Belajar\notes-restapi\system\Model.php(330): CodeIgniter\Database\BaseBuilder->insert()
#5 F:\11. Web Development\Project Belajar\notes-restapi\system\BaseModel.php(782): CodeIgniter\Model->doInsert(Array)
#6 F:\11. Web Development\Project Belajar\notes-restapi\system\Model.php(730): CodeIgniter\BaseModel->insert(Array, true)
#7 F:\11. Web Development\Project Belajar\notes-restapi\app\Controllers\NotesController.php(69): CodeIgniter\Model->insert(Array)
#8 F:\11. Web Development\Project Belajar\notes-restapi\system\CodeIgniter.php(932): App\Controllers\NotesController->create()
#9 F:\11. Web Development\Project Belajar\notes-restapi\system\CodeIgniter.php(497): CodeIgniter\CodeIgniter->runController(Object(App\Controllers\NotesController))
#10 F:\11. Web Development\Project Belajar\notes-restapi\system\CodeIgniter.php(366): CodeIgniter\CodeIgniter->handleRequest(NULL, Object(Config\Cache), false)
#11 F:\11. Web Development\Project Belajar\notes-restapi\public\index.php(67): CodeIgniter\CodeIgniter->run()
#12 F:\11. Web Development\Project Belajar\notes-restapi\system\Commands\Server\rewrite.php(47): require_once('F:\\11. Web Deve...')
#13 {main}
CRITICAL - 2023-06-28 05:53:57 --> Unknown column 'created_at' in 'field list'
in SYSTEMPATH\Database\MySQLi\Connection.php on line 295.
 1 SYSTEMPATH\Database\MySQLi\Connection.php(295): mysqli->query('INSERT INTO `notes` (`title`, `content`, `created_at`, `updated_at`) VALUES (\'Ini Judul\', \'Ini Konten\', \'2023-06-28 05:53:57\', \'2023-06-28 05:53:57\')', 0)
 2 SYSTEMPATH\Database\BaseConnection.php(692): CodeIgniter\Database\MySQLi\Connection->execute('INSERT INTO `notes` (`title`, `content`, `created_at`, `updated_at`) VALUES (\'Ini Judul\', \'Ini Konten\', \'2023-06-28 05:53:57\', \'2023-06-28 05:53:57\')')
 3 SYSTEMPATH\Database\BaseConnection.php(606): CodeIgniter\Database\BaseConnection->simpleQuery('INSERT INTO `notes` (`title`, `content`, `created_at`, `updated_at`) VALUES (\'Ini Judul\', \'Ini Konten\', \'2023-06-28 05:53:57\', \'2023-06-28 05:53:57\')')
 4 SYSTEMPATH\Database\BaseBuilder.php(2309): CodeIgniter\Database\BaseConnection->query('INSERT INTO `notes` (`title`, `content`, `created_at`, `updated_at`) VALUES (:title:, :content:, :created_at:, :updated_at:)', [...], false)
 5 SYSTEMPATH\Model.php(330): CodeIgniter\Database\BaseBuilder->insert()
 6 SYSTEMPATH\BaseModel.php(782): CodeIgniter\Model->doInsert([...])
 7 SYSTEMPATH\Model.php(730): CodeIgniter\BaseModel->insert([...], true)
 8 APPPATH\Controllers\NotesController.php(69): CodeIgniter\Model->insert([...])
 9 SYSTEMPATH\CodeIgniter.php(932): App\Controllers\NotesController->create()
10 SYSTEMPATH\CodeIgniter.php(497): CodeIgniter\CodeIgniter->runController(Object(App\Controllers\NotesController))
11 SYSTEMPATH\CodeIgniter.php(366): CodeIgniter\CodeIgniter->handleRequest(null, Object(Config\Cache), false)
12 FCPATH\index.php(67): CodeIgniter\CodeIgniter->run()
13 SYSTEMPATH\Commands\Server\rewrite.php(47): require_once('F:\\11. Web Development\\Project Belajar\\notes-restapi\\public\\index.php')
ERROR - 2023-06-28 05:55:34 --> mysqli_sql_exception: Unknown column 'created_at' in 'field list' in F:\11. Web Development\Project Belajar\notes-restapi\system\Database\MySQLi\Connection.php:295
Stack trace:
#0 F:\11. Web Development\Project Belajar\notes-restapi\system\Database\MySQLi\Connection.php(295): mysqli->query('INSERT INTO `no...', 0)
#1 F:\11. Web Development\Project Belajar\notes-restapi\system\Database\BaseConnection.php(692): CodeIgniter\Database\MySQLi\Connection->execute('INSERT INTO `no...')
#2 F:\11. Web Development\Project Belajar\notes-restapi\system\Database\BaseConnection.php(606): CodeIgniter\Database\BaseConnection->simpleQuery('INSERT INTO `no...')
#3 F:\11. Web Development\Project Belajar\notes-restapi\system\Database\BaseBuilder.php(2309): CodeIgniter\Database\BaseConnection->query('INSERT INTO `no...', Array, false)
#4 F:\11. Web Development\Project Belajar\notes-restapi\system\Model.php(330): CodeIgniter\Database\BaseBuilder->insert()
#5 F:\11. Web Development\Project Belajar\notes-restapi\system\BaseModel.php(782): CodeIgniter\Model->doInsert(Array)
#6 F:\11. Web Development\Project Belajar\notes-restapi\system\Model.php(730): CodeIgniter\BaseModel->insert(Array, true)
#7 F:\11. Web Development\Project Belajar\notes-restapi\app\Controllers\NotesController.php(69): CodeIgniter\Model->insert(Array)
#8 F:\11. Web Development\Project Belajar\notes-restapi\system\CodeIgniter.php(932): App\Controllers\NotesController->create()
#9 F:\11. Web Development\Project Belajar\notes-restapi\system\CodeIgniter.php(497): CodeIgniter\CodeIgniter->runController(Object(App\Controllers\NotesController))
#10 F:\11. Web Development\Project Belajar\notes-restapi\system\CodeIgniter.php(366): CodeIgniter\CodeIgniter->handleRequest(NULL, Object(Config\Cache), false)
#11 F:\11. Web Development\Project Belajar\notes-restapi\public\index.php(67): CodeIgniter\CodeIgniter->run()
#12 F:\11. Web Development\Project Belajar\notes-restapi\system\Commands\Server\rewrite.php(47): require_once('F:\\11. Web Deve...')
#13 {main}
CRITICAL - 2023-06-28 05:55:34 --> Unknown column 'created_at' in 'field list'
in SYSTEMPATH\Database\MySQLi\Connection.php on line 295.
 1 SYSTEMPATH\Database\MySQLi\Connection.php(295): mysqli->query('INSERT INTO `notes` (`title`, `content`, `created_at`, `updated_at`) VALUES (\'Ini Judul\', \'Ini Konten\', \'2023-06-28 05:55:34\', \'2023-06-28 05:55:34\')', 0)
 2 SYSTEMPATH\Database\BaseConnection.php(692): CodeIgniter\Database\MySQLi\Connection->execute('INSERT INTO `notes` (`title`, `content`, `created_at`, `updated_at`) VALUES (\'Ini Judul\', \'Ini Konten\', \'2023-06-28 05:55:34\', \'2023-06-28 05:55:34\')')
 3 SYSTEMPATH\Database\BaseConnection.php(606): CodeIgniter\Database\BaseConnection->simpleQuery('INSERT INTO `notes` (`title`, `content`, `created_at`, `updated_at`) VALUES (\'Ini Judul\', \'Ini Konten\', \'2023-06-28 05:55:34\', \'2023-06-28 05:55:34\')')
 4 SYSTEMPATH\Database\BaseBuilder.php(2309): CodeIgniter\Database\BaseConnection->query('INSERT INTO `notes` (`title`, `content`, `created_at`, `updated_at`) VALUES (:title:, :content:, :created_at:, :updated_at:)', [...], false)
 5 SYSTEMPATH\Model.php(330): CodeIgniter\Database\BaseBuilder->insert()
 6 SYSTEMPATH\BaseModel.php(782): CodeIgniter\Model->doInsert([...])
 7 SYSTEMPATH\Model.php(730): CodeIgniter\BaseModel->insert([...], true)
 8 APPPATH\Controllers\NotesController.php(69): CodeIgniter\Model->insert([...])
 9 SYSTEMPATH\CodeIgniter.php(932): App\Controllers\NotesController->create()
10 SYSTEMPATH\CodeIgniter.php(497): CodeIgniter\CodeIgniter->runController(Object(App\Controllers\NotesController))
11 SYSTEMPATH\CodeIgniter.php(366): CodeIgniter\CodeIgniter->handleRequest(null, Object(Config\Cache), false)
12 FCPATH\index.php(67): CodeIgniter\CodeIgniter->run()
13 SYSTEMPATH\Commands\Server\rewrite.php(47): require_once('F:\\11. Web Development\\Project Belajar\\notes-restapi\\public\\index.php')
ERROR - 2023-06-28 05:55:45 --> mysqli_sql_exception: Unknown column 'created_at' in 'field list' in F:\11. Web Development\Project Belajar\notes-restapi\system\Database\MySQLi\Connection.php:295
Stack trace:
#0 F:\11. Web Development\Project Belajar\notes-restapi\system\Database\MySQLi\Connection.php(295): mysqli->query('INSERT INTO `no...', 0)
#1 F:\11. Web Development\Project Belajar\notes-restapi\system\Database\BaseConnection.php(692): CodeIgniter\Database\MySQLi\Connection->execute('INSERT INTO `no...')
#2 F:\11. Web Development\Project Belajar\notes-restapi\system\Database\BaseConnection.php(606): CodeIgniter\Database\BaseConnection->simpleQuery('INSERT INTO `no...')
#3 F:\11. Web Development\Project Belajar\notes-restapi\system\Database\BaseBuilder.php(2309): CodeIgniter\Database\BaseConnection->query('INSERT INTO `no...', Array, false)
#4 F:\11. Web Development\Project Belajar\notes-restapi\system\Model.php(330): CodeIgniter\Database\BaseBuilder->insert()
#5 F:\11. Web Development\Project Belajar\notes-restapi\system\BaseModel.php(782): CodeIgniter\Model->doInsert(Array)
#6 F:\11. Web Development\Project Belajar\notes-restapi\system\Model.php(730): CodeIgniter\BaseModel->insert(Array, true)
#7 F:\11. Web Development\Project Belajar\notes-restapi\app\Controllers\NotesController.php(69): CodeIgniter\Model->insert(Array)
#8 F:\11. Web Development\Project Belajar\notes-restapi\system\CodeIgniter.php(932): App\Controllers\NotesController->create()
#9 F:\11. Web Development\Project Belajar\notes-restapi\system\CodeIgniter.php(497): CodeIgniter\CodeIgniter->runController(Object(App\Controllers\NotesController))
#10 F:\11. Web Development\Project Belajar\notes-restapi\system\CodeIgniter.php(366): CodeIgniter\CodeIgniter->handleRequest(NULL, Object(Config\Cache), false)
#11 F:\11. Web Development\Project Belajar\notes-restapi\public\index.php(67): CodeIgniter\CodeIgniter->run()
#12 F:\11. Web Development\Project Belajar\notes-restapi\system\Commands\Server\rewrite.php(47): require_once('F:\\11. Web Deve...')
#13 {main}
CRITICAL - 2023-06-28 05:55:45 --> Unknown column 'created_at' in 'field list'
in SYSTEMPATH\Database\MySQLi\Connection.php on line 295.
 1 SYSTEMPATH\Database\MySQLi\Connection.php(295): mysqli->query('INSERT INTO `notes` (`title`, `content`, `created_at`, `updated_at`) VALUES (\'Ini Judul\', \'Ini Konten\', \'2023-06-28 05:55:45\', \'2023-06-28 05:55:45\')', 0)
 2 SYSTEMPATH\Database\BaseConnection.php(692): CodeIgniter\Database\MySQLi\Connection->execute('INSERT INTO `notes` (`title`, `content`, `created_at`, `updated_at`) VALUES (\'Ini Judul\', \'Ini Konten\', \'2023-06-28 05:55:45\', \'2023-06-28 05:55:45\')')
 3 SYSTEMPATH\Database\BaseConnection.php(606): CodeIgniter\Database\BaseConnection->simpleQuery('INSERT INTO `notes` (`title`, `content`, `created_at`, `updated_at`) VALUES (\'Ini Judul\', \'Ini Konten\', \'2023-06-28 05:55:45\', \'2023-06-28 05:55:45\')')
 4 SYSTEMPATH\Database\BaseBuilder.php(2309): CodeIgniter\Database\BaseConnection->query('INSERT INTO `notes` (`title`, `content`, `created_at`, `updated_at`) VALUES (:title:, :content:, :created_at:, :updated_at:)', [...], false)
 5 SYSTEMPATH\Model.php(330): CodeIgniter\Database\BaseBuilder->insert()
 6 SYSTEMPATH\BaseModel.php(782): CodeIgniter\Model->doInsert([...])
 7 SYSTEMPATH\Model.php(730): CodeIgniter\BaseModel->insert([...], true)
 8 APPPATH\Controllers\NotesController.php(69): CodeIgniter\Model->insert([...])
 9 SYSTEMPATH\CodeIgniter.php(932): App\Controllers\NotesController->create()
10 SYSTEMPATH\CodeIgniter.php(497): CodeIgniter\CodeIgniter->runController(Object(App\Controllers\NotesController))
11 SYSTEMPATH\CodeIgniter.php(366): CodeIgniter\CodeIgniter->handleRequest(null, Object(Config\Cache), false)
12 FCPATH\index.php(67): CodeIgniter\CodeIgniter->run()
13 SYSTEMPATH\Commands\Server\rewrite.php(47): require_once('F:\\11. Web Development\\Project Belajar\\notes-restapi\\public\\index.php')
ERROR - 2023-06-28 05:55:47 --> mysqli_sql_exception: Unknown column 'created_at' in 'field list' in F:\11. Web Development\Project Belajar\notes-restapi\system\Database\MySQLi\Connection.php:295
Stack trace:
#0 F:\11. Web Development\Project Belajar\notes-restapi\system\Database\MySQLi\Connection.php(295): mysqli->query('INSERT INTO `no...', 0)
#1 F:\11. Web Development\Project Belajar\notes-restapi\system\Database\BaseConnection.php(692): CodeIgniter\Database\MySQLi\Connection->execute('INSERT INTO `no...')
#2 F:\11. Web Development\Project Belajar\notes-restapi\system\Database\BaseConnection.php(606): CodeIgniter\Database\BaseConnection->simpleQuery('INSERT INTO `no...')
#3 F:\11. Web Development\Project Belajar\notes-restapi\system\Database\BaseBuilder.php(2309): CodeIgniter\Database\BaseConnection->query('INSERT INTO `no...', Array, false)
#4 F:\11. Web Development\Project Belajar\notes-restapi\system\Model.php(330): CodeIgniter\Database\BaseBuilder->insert()
#5 F:\11. Web Development\Project Belajar\notes-restapi\system\BaseModel.php(782): CodeIgniter\Model->doInsert(Array)
#6 F:\11. Web Development\Project Belajar\notes-restapi\system\Model.php(730): CodeIgniter\BaseModel->insert(Array, true)
#7 F:\11. Web Development\Project Belajar\notes-restapi\app\Controllers\NotesController.php(69): CodeIgniter\Model->insert(Array)
#8 F:\11. Web Development\Project Belajar\notes-restapi\system\CodeIgniter.php(932): App\Controllers\NotesController->create()
#9 F:\11. Web Development\Project Belajar\notes-restapi\system\CodeIgniter.php(497): CodeIgniter\CodeIgniter->runController(Object(App\Controllers\NotesController))
#10 F:\11. Web Development\Project Belajar\notes-restapi\system\CodeIgniter.php(366): CodeIgniter\CodeIgniter->handleRequest(NULL, Object(Config\Cache), false)
#11 F:\11. Web Development\Project Belajar\notes-restapi\public\index.php(67): CodeIgniter\CodeIgniter->run()
#12 F:\11. Web Development\Project Belajar\notes-restapi\system\Commands\Server\rewrite.php(47): require_once('F:\\11. Web Deve...')
#13 {main}
CRITICAL - 2023-06-28 05:55:47 --> Unknown column 'created_at' in 'field list'
in SYSTEMPATH\Database\MySQLi\Connection.php on line 295.
 1 SYSTEMPATH\Database\MySQLi\Connection.php(295): mysqli->query('INSERT INTO `notes` (`title`, `content`, `created_at`, `updated_at`) VALUES (\'Ini Judul\', \'Ini Konten\', \'2023-06-28 05:55:47\', \'2023-06-28 05:55:47\')', 0)
 2 SYSTEMPATH\Database\BaseConnection.php(692): CodeIgniter\Database\MySQLi\Connection->execute('INSERT INTO `notes` (`title`, `content`, `created_at`, `updated_at`) VALUES (\'Ini Judul\', \'Ini Konten\', \'2023-06-28 05:55:47\', \'2023-06-28 05:55:47\')')
 3 SYSTEMPATH\Database\BaseConnection.php(606): CodeIgniter\Database\BaseConnection->simpleQuery('INSERT INTO `notes` (`title`, `content`, `created_at`, `updated_at`) VALUES (\'Ini Judul\', \'Ini Konten\', \'2023-06-28 05:55:47\', \'2023-06-28 05:55:47\')')
 4 SYSTEMPATH\Database\BaseBuilder.php(2309): CodeIgniter\Database\BaseConnection->query('INSERT INTO `notes` (`title`, `content`, `created_at`, `updated_at`) VALUES (:title:, :content:, :created_at:, :updated_at:)', [...], false)
 5 SYSTEMPATH\Model.php(330): CodeIgniter\Database\BaseBuilder->insert()
 6 SYSTEMPATH\BaseModel.php(782): CodeIgniter\Model->doInsert([...])
 7 SYSTEMPATH\Model.php(730): CodeIgniter\BaseModel->insert([...], true)
 8 APPPATH\Controllers\NotesController.php(69): CodeIgniter\Model->insert([...])
 9 SYSTEMPATH\CodeIgniter.php(932): App\Controllers\NotesController->create()
10 SYSTEMPATH\CodeIgniter.php(497): CodeIgniter\CodeIgniter->runController(Object(App\Controllers\NotesController))
11 SYSTEMPATH\CodeIgniter.php(366): CodeIgniter\CodeIgniter->handleRequest(null, Object(Config\Cache), false)
12 FCPATH\index.php(67): CodeIgniter\CodeIgniter->run()
13 SYSTEMPATH\Commands\Server\rewrite.php(47): require_once('F:\\11. Web Development\\Project Belajar\\notes-restapi\\public\\index.php')
ERROR - 2023-06-28 05:59:26 --> mysqli_sql_exception: Unknown column 'created_at' in 'field list' in F:\11. Web Development\Project Belajar\notes-restapi\system\Database\MySQLi\Connection.php:295
Stack trace:
#0 F:\11. Web Development\Project Belajar\notes-restapi\system\Database\MySQLi\Connection.php(295): mysqli->query('INSERT INTO `no...', 0)
#1 F:\11. Web Development\Project Belajar\notes-restapi\system\Database\BaseConnection.php(692): CodeIgniter\Database\MySQLi\Connection->execute('INSERT INTO `no...')
#2 F:\11. Web Development\Project Belajar\notes-restapi\system\Database\BaseConnection.php(606): CodeIgniter\Database\BaseConnection->simpleQuery('INSERT INTO `no...')
#3 F:\11. Web Development\Project Belajar\notes-restapi\system\Database\BaseBuilder.php(2309): CodeIgniter\Database\BaseConnection->query('INSERT INTO `no...', Array, false)
#4 F:\11. Web Development\Project Belajar\notes-restapi\system\Model.php(330): CodeIgniter\Database\BaseBuilder->insert()
#5 F:\11. Web Development\Project Belajar\notes-restapi\system\BaseModel.php(782): CodeIgniter\Model->doInsert(Array)
#6 F:\11. Web Development\Project Belajar\notes-restapi\system\Model.php(730): CodeIgniter\BaseModel->insert(Array, true)
#7 F:\11. Web Development\Project Belajar\notes-restapi\app\Controllers\NotesController.php(69): CodeIgniter\Model->insert(Array)
#8 F:\11. Web Development\Project Belajar\notes-restapi\system\CodeIgniter.php(932): App\Controllers\NotesController->create()
#9 F:\11. Web Development\Project Belajar\notes-restapi\system\CodeIgniter.php(497): CodeIgniter\CodeIgniter->runController(Object(App\Controllers\NotesController))
#10 F:\11. Web Development\Project Belajar\notes-restapi\system\CodeIgniter.php(366): CodeIgniter\CodeIgniter->handleRequest(NULL, Object(Config\Cache), false)
#11 F:\11. Web Development\Project Belajar\notes-restapi\public\index.php(67): CodeIgniter\CodeIgniter->run()
#12 F:\11. Web Development\Project Belajar\notes-restapi\system\Commands\Server\rewrite.php(47): require_once('F:\\11. Web Deve...')
#13 {main}
CRITICAL - 2023-06-28 05:59:26 --> Unknown column 'created_at' in 'field list'
in SYSTEMPATH\Database\MySQLi\Connection.php on line 295.
 1 SYSTEMPATH\Database\MySQLi\Connection.php(295): mysqli->query('INSERT INTO `notes` (`title`, `content`, `created_at`, `updated_at`) VALUES (\'Ini Judul\', \'Ini Konten\', \'2023-06-28 05:59:26\', \'2023-06-28 05:59:26\')', 0)
 2 SYSTEMPATH\Database\BaseConnection.php(692): CodeIgniter\Database\MySQLi\Connection->execute('INSERT INTO `notes` (`title`, `content`, `created_at`, `updated_at`) VALUES (\'Ini Judul\', \'Ini Konten\', \'2023-06-28 05:59:26\', \'2023-06-28 05:59:26\')')
 3 SYSTEMPATH\Database\BaseConnection.php(606): CodeIgniter\Database\BaseConnection->simpleQuery('INSERT INTO `notes` (`title`, `content`, `created_at`, `updated_at`) VALUES (\'Ini Judul\', \'Ini Konten\', \'2023-06-28 05:59:26\', \'2023-06-28 05:59:26\')')
 4 SYSTEMPATH\Database\BaseBuilder.php(2309): CodeIgniter\Database\BaseConnection->query('INSERT INTO `notes` (`title`, `content`, `created_at`, `updated_at`) VALUES (:title:, :content:, :created_at:, :updated_at:)', [...], false)
 5 SYSTEMPATH\Model.php(330): CodeIgniter\Database\BaseBuilder->insert()
 6 SYSTEMPATH\BaseModel.php(782): CodeIgniter\Model->doInsert([...])
 7 SYSTEMPATH\Model.php(730): CodeIgniter\BaseModel->insert([...], true)
 8 APPPATH\Controllers\NotesController.php(69): CodeIgniter\Model->insert([...])
 9 SYSTEMPATH\CodeIgniter.php(932): App\Controllers\NotesController->create()
10 SYSTEMPATH\CodeIgniter.php(497): CodeIgniter\CodeIgniter->runController(Object(App\Controllers\NotesController))
11 SYSTEMPATH\CodeIgniter.php(366): CodeIgniter\CodeIgniter->handleRequest(null, Object(Config\Cache), false)
12 FCPATH\index.php(67): CodeIgniter\CodeIgniter->run()
13 SYSTEMPATH\Commands\Server\rewrite.php(47): require_once('F:\\11. Web Development\\Project Belajar\\notes-restapi\\public\\index.php')
ERROR - 2023-06-28 06:04:53 --> mysqli_sql_exception: Unknown column 'updated_at' in 'field list' in F:\11. Web Development\Project Belajar\notes-restapi\system\Database\MySQLi\Connection.php:295
Stack trace:
#0 F:\11. Web Development\Project Belajar\notes-restapi\system\Database\MySQLi\Connection.php(295): mysqli->query('INSERT INTO `no...', 0)
#1 F:\11. Web Development\Project Belajar\notes-restapi\system\Database\BaseConnection.php(692): CodeIgniter\Database\MySQLi\Connection->execute('INSERT INTO `no...')
#2 F:\11. Web Development\Project Belajar\notes-restapi\system\Database\BaseConnection.php(606): CodeIgniter\Database\BaseConnection->simpleQuery('INSERT INTO `no...')
#3 F:\11. Web Development\Project Belajar\notes-restapi\system\Database\BaseBuilder.php(2309): CodeIgniter\Database\BaseConnection->query('INSERT INTO `no...', Array, false)
#4 F:\11. Web Development\Project Belajar\notes-restapi\system\Model.php(330): CodeIgniter\Database\BaseBuilder->insert()
#5 F:\11. Web Development\Project Belajar\notes-restapi\system\BaseModel.php(782): CodeIgniter\Model->doInsert(Array)
#6 F:\11. Web Development\Project Belajar\notes-restapi\system\Model.php(730): CodeIgniter\BaseModel->insert(Array, true)
#7 F:\11. Web Development\Project Belajar\notes-restapi\app\Controllers\NotesController.php(69): CodeIgniter\Model->insert(Array)
#8 F:\11. Web Development\Project Belajar\notes-restapi\system\CodeIgniter.php(932): App\Controllers\NotesController->create()
#9 F:\11. Web Development\Project Belajar\notes-restapi\system\CodeIgniter.php(497): CodeIgniter\CodeIgniter->runController(Object(App\Controllers\NotesController))
#10 F:\11. Web Development\Project Belajar\notes-restapi\system\CodeIgniter.php(366): CodeIgniter\CodeIgniter->handleRequest(NULL, Object(Config\Cache), false)
#11 F:\11. Web Development\Project Belajar\notes-restapi\public\index.php(67): CodeIgniter\CodeIgniter->run()
#12 F:\11. Web Development\Project Belajar\notes-restapi\system\Commands\Server\rewrite.php(47): require_once('F:\\11. Web Deve...')
#13 {main}
CRITICAL - 2023-06-28 06:04:53 --> Unknown column 'updated_at' in 'field list'
in SYSTEMPATH\Database\MySQLi\Connection.php on line 295.
 1 SYSTEMPATH\Database\MySQLi\Connection.php(295): mysqli->query('INSERT INTO `notes` (`title`, `content`, `date`, `updated_at`) VALUES (\'Ini Judul\', \'Ini Konten\', \'2023-06-28 06:04:53\', \'2023-06-28 06:04:53\')', 0)
 2 SYSTEMPATH\Database\BaseConnection.php(692): CodeIgniter\Database\MySQLi\Connection->execute('INSERT INTO `notes` (`title`, `content`, `date`, `updated_at`) VALUES (\'Ini Judul\', \'Ini Konten\', \'2023-06-28 06:04:53\', \'2023-06-28 06:04:53\')')
 3 SYSTEMPATH\Database\BaseConnection.php(606): CodeIgniter\Database\BaseConnection->simpleQuery('INSERT INTO `notes` (`title`, `content`, `date`, `updated_at`) VALUES (\'Ini Judul\', \'Ini Konten\', \'2023-06-28 06:04:53\', \'2023-06-28 06:04:53\')')
 4 SYSTEMPATH\Database\BaseBuilder.php(2309): CodeIgniter\Database\BaseConnection->query('INSERT INTO `notes` (`title`, `content`, `date`, `updated_at`) VALUES (:title:, :content:, :date:, :updated_at:)', [...], false)
 5 SYSTEMPATH\Model.php(330): CodeIgniter\Database\BaseBuilder->insert()
 6 SYSTEMPATH\BaseModel.php(782): CodeIgniter\Model->doInsert([...])
 7 SYSTEMPATH\Model.php(730): CodeIgniter\BaseModel->insert([...], true)
 8 APPPATH\Controllers\NotesController.php(69): CodeIgniter\Model->insert([...])
 9 SYSTEMPATH\CodeIgniter.php(932): App\Controllers\NotesController->create()
10 SYSTEMPATH\CodeIgniter.php(497): CodeIgniter\CodeIgniter->runController(Object(App\Controllers\NotesController))
11 SYSTEMPATH\CodeIgniter.php(366): CodeIgniter\CodeIgniter->handleRequest(null, Object(Config\Cache), false)
12 FCPATH\index.php(67): CodeIgniter\CodeIgniter->run()
13 SYSTEMPATH\Commands\Server\rewrite.php(47): require_once('F:\\11. Web Development\\Project Belajar\\notes-restapi\\public\\index.php')
ERROR - 2023-06-28 06:06:04 --> mysqli_sql_exception: Unknown column 'updated_at' in 'field list' in F:\11. Web Development\Project Belajar\notes-restapi\system\Database\MySQLi\Connection.php:295
Stack trace:
#0 F:\11. Web Development\Project Belajar\notes-restapi\system\Database\MySQLi\Connection.php(295): mysqli->query('INSERT INTO `no...', 0)
#1 F:\11. Web Development\Project Belajar\notes-restapi\system\Database\BaseConnection.php(692): CodeIgniter\Database\MySQLi\Connection->execute('INSERT INTO `no...')
#2 F:\11. Web Development\Project Belajar\notes-restapi\system\Database\BaseConnection.php(606): CodeIgniter\Database\BaseConnection->simpleQuery('INSERT INTO `no...')
#3 F:\11. Web Development\Project Belajar\notes-restapi\system\Database\BaseBuilder.php(2309): CodeIgniter\Database\BaseConnection->query('INSERT INTO `no...', Array, false)
#4 F:\11. Web Development\Project Belajar\notes-restapi\system\Model.php(330): CodeIgniter\Database\BaseBuilder->insert()
#5 F:\11. Web Development\Project Belajar\notes-restapi\system\BaseModel.php(782): CodeIgniter\Model->doInsert(Array)
#6 F:\11. Web Development\Project Belajar\notes-restapi\system\Model.php(730): CodeIgniter\BaseModel->insert(Array, true)
#7 F:\11. Web Development\Project Belajar\notes-restapi\app\Controllers\NotesController.php(69): CodeIgniter\Model->insert(Array)
#8 F:\11. Web Development\Project Belajar\notes-restapi\system\CodeIgniter.php(932): App\Controllers\NotesController->create()
#9 F:\11. Web Development\Project Belajar\notes-restapi\system\CodeIgniter.php(497): CodeIgniter\CodeIgniter->runController(Object(App\Controllers\NotesController))
#10 F:\11. Web Development\Project Belajar\notes-restapi\system\CodeIgniter.php(366): CodeIgniter\CodeIgniter->handleRequest(NULL, Object(Config\Cache), false)
#11 F:\11. Web Development\Project Belajar\notes-restapi\public\index.php(67): CodeIgniter\CodeIgniter->run()
#12 F:\11. Web Development\Project Belajar\notes-restapi\system\Commands\Server\rewrite.php(47): require_once('F:\\11. Web Deve...')
#13 {main}
CRITICAL - 2023-06-28 06:06:04 --> Unknown column 'updated_at' in 'field list'
in SYSTEMPATH\Database\MySQLi\Connection.php on line 295.
 1 SYSTEMPATH\Database\MySQLi\Connection.php(295): mysqli->query('INSERT INTO `notes` (`title`, `content`, `date`, `updated_at`) VALUES (\'Ini Judul\', \'Ini Konten\', \'2023-06-28 06:06:04\', \'2023-06-28 06:06:04\')', 0)
 2 SYSTEMPATH\Database\BaseConnection.php(692): CodeIgniter\Database\MySQLi\Connection->execute('INSERT INTO `notes` (`title`, `content`, `date`, `updated_at`) VALUES (\'Ini Judul\', \'Ini Konten\', \'2023-06-28 06:06:04\', \'2023-06-28 06:06:04\')')
 3 SYSTEMPATH\Database\BaseConnection.php(606): CodeIgniter\Database\BaseConnection->simpleQuery('INSERT INTO `notes` (`title`, `content`, `date`, `updated_at`) VALUES (\'Ini Judul\', \'Ini Konten\', \'2023-06-28 06:06:04\', \'2023-06-28 06:06:04\')')
 4 SYSTEMPATH\Database\BaseBuilder.php(2309): CodeIgniter\Database\BaseConnection->query('INSERT INTO `notes` (`title`, `content`, `date`, `updated_at`) VALUES (:title:, :content:, :date:, :updated_at:)', [...], false)
 5 SYSTEMPATH\Model.php(330): CodeIgniter\Database\BaseBuilder->insert()
 6 SYSTEMPATH\BaseModel.php(782): CodeIgniter\Model->doInsert([...])
 7 SYSTEMPATH\Model.php(730): CodeIgniter\BaseModel->insert([...], true)
 8 APPPATH\Controllers\NotesController.php(69): CodeIgniter\Model->insert([...])
 9 SYSTEMPATH\CodeIgniter.php(932): App\Controllers\NotesController->create()
10 SYSTEMPATH\CodeIgniter.php(497): CodeIgniter\CodeIgniter->runController(Object(App\Controllers\NotesController))
11 SYSTEMPATH\CodeIgniter.php(366): CodeIgniter\CodeIgniter->handleRequest(null, Object(Config\Cache), false)
12 FCPATH\index.php(67): CodeIgniter\CodeIgniter->run()
13 SYSTEMPATH\Commands\Server\rewrite.php(47): require_once('F:\\11. Web Development\\Project Belajar\\notes-restapi\\public\\index.php')
ERROR - 2023-06-28 06:06:06 --> mysqli_sql_exception: Unknown column 'updated_at' in 'field list' in F:\11. Web Development\Project Belajar\notes-restapi\system\Database\MySQLi\Connection.php:295
Stack trace:
#0 F:\11. Web Development\Project Belajar\notes-restapi\system\Database\MySQLi\Connection.php(295): mysqli->query('INSERT INTO `no...', 0)
#1 F:\11. Web Development\Project Belajar\notes-restapi\system\Database\BaseConnection.php(692): CodeIgniter\Database\MySQLi\Connection->execute('INSERT INTO `no...')
#2 F:\11. Web Development\Project Belajar\notes-restapi\system\Database\BaseConnection.php(606): CodeIgniter\Database\BaseConnection->simpleQuery('INSERT INTO `no...')
#3 F:\11. Web Development\Project Belajar\notes-restapi\system\Database\BaseBuilder.php(2309): CodeIgniter\Database\BaseConnection->query('INSERT INTO `no...', Array, false)
#4 F:\11. Web Development\Project Belajar\notes-restapi\system\Model.php(330): CodeIgniter\Database\BaseBuilder->insert()
#5 F:\11. Web Development\Project Belajar\notes-restapi\system\BaseModel.php(782): CodeIgniter\Model->doInsert(Array)
#6 F:\11. Web Development\Project Belajar\notes-restapi\system\Model.php(730): CodeIgniter\BaseModel->insert(Array, true)
#7 F:\11. Web Development\Project Belajar\notes-restapi\app\Controllers\NotesController.php(69): CodeIgniter\Model->insert(Array)
#8 F:\11. Web Development\Project Belajar\notes-restapi\system\CodeIgniter.php(932): App\Controllers\NotesController->create()
#9 F:\11. Web Development\Project Belajar\notes-restapi\system\CodeIgniter.php(497): CodeIgniter\CodeIgniter->runController(Object(App\Controllers\NotesController))
#10 F:\11. Web Development\Project Belajar\notes-restapi\system\CodeIgniter.php(366): CodeIgniter\CodeIgniter->handleRequest(NULL, Object(Config\Cache), false)
#11 F:\11. Web Development\Project Belajar\notes-restapi\public\index.php(67): CodeIgniter\CodeIgniter->run()
#12 F:\11. Web Development\Project Belajar\notes-restapi\system\Commands\Server\rewrite.php(47): require_once('F:\\11. Web Deve...')
#13 {main}
CRITICAL - 2023-06-28 06:06:06 --> Unknown column 'updated_at' in 'field list'
in SYSTEMPATH\Database\MySQLi\Connection.php on line 295.
 1 SYSTEMPATH\Database\MySQLi\Connection.php(295): mysqli->query('INSERT INTO `notes` (`title`, `content`, `date`, `updated_at`) VALUES (\'Ini Judul\', \'Ini Konten\', \'2023-06-28 06:06:06\', \'2023-06-28 06:06:06\')', 0)
 2 SYSTEMPATH\Database\BaseConnection.php(692): CodeIgniter\Database\MySQLi\Connection->execute('INSERT INTO `notes` (`title`, `content`, `date`, `updated_at`) VALUES (\'Ini Judul\', \'Ini Konten\', \'2023-06-28 06:06:06\', \'2023-06-28 06:06:06\')')
 3 SYSTEMPATH\Database\BaseConnection.php(606): CodeIgniter\Database\BaseConnection->simpleQuery('INSERT INTO `notes` (`title`, `content`, `date`, `updated_at`) VALUES (\'Ini Judul\', \'Ini Konten\', \'2023-06-28 06:06:06\', \'2023-06-28 06:06:06\')')
 4 SYSTEMPATH\Database\BaseBuilder.php(2309): CodeIgniter\Database\BaseConnection->query('INSERT INTO `notes` (`title`, `content`, `date`, `updated_at`) VALUES (:title:, :content:, :date:, :updated_at:)', [...], false)
 5 SYSTEMPATH\Model.php(330): CodeIgniter\Database\BaseBuilder->insert()
 6 SYSTEMPATH\BaseModel.php(782): CodeIgniter\Model->doInsert([...])
 7 SYSTEMPATH\Model.php(730): CodeIgniter\BaseModel->insert([...], true)
 8 APPPATH\Controllers\NotesController.php(69): CodeIgniter\Model->insert([...])
 9 SYSTEMPATH\CodeIgniter.php(932): App\Controllers\NotesController->create()
10 SYSTEMPATH\CodeIgniter.php(497): CodeIgniter\CodeIgniter->runController(Object(App\Controllers\NotesController))
11 SYSTEMPATH\CodeIgniter.php(366): CodeIgniter\CodeIgniter->handleRequest(null, Object(Config\Cache), false)
12 FCPATH\index.php(67): CodeIgniter\CodeIgniter->run()
13 SYSTEMPATH\Commands\Server\rewrite.php(47): require_once('F:\\11. Web Development\\Project Belajar\\notes-restapi\\public\\index.php')
ERROR - 2023-06-28 06:06:08 --> mysqli_sql_exception: Unknown column 'updated_at' in 'field list' in F:\11. Web Development\Project Belajar\notes-restapi\system\Database\MySQLi\Connection.php:295
Stack trace:
#0 F:\11. Web Development\Project Belajar\notes-restapi\system\Database\MySQLi\Connection.php(295): mysqli->query('INSERT INTO `no...', 0)
#1 F:\11. Web Development\Project Belajar\notes-restapi\system\Database\BaseConnection.php(692): CodeIgniter\Database\MySQLi\Connection->execute('INSERT INTO `no...')
#2 F:\11. Web Development\Project Belajar\notes-restapi\system\Database\BaseConnection.php(606): CodeIgniter\Database\BaseConnection->simpleQuery('INSERT INTO `no...')
#3 F:\11. Web Development\Project Belajar\notes-restapi\system\Database\BaseBuilder.php(2309): CodeIgniter\Database\BaseConnection->query('INSERT INTO `no...', Array, false)
#4 F:\11. Web Development\Project Belajar\notes-restapi\system\Model.php(330): CodeIgniter\Database\BaseBuilder->insert()
#5 F:\11. Web Development\Project Belajar\notes-restapi\system\BaseModel.php(782): CodeIgniter\Model->doInsert(Array)
#6 F:\11. Web Development\Project Belajar\notes-restapi\system\Model.php(730): CodeIgniter\BaseModel->insert(Array, true)
#7 F:\11. Web Development\Project Belajar\notes-restapi\app\Controllers\NotesController.php(69): CodeIgniter\Model->insert(Array)
#8 F:\11. Web Development\Project Belajar\notes-restapi\system\CodeIgniter.php(932): App\Controllers\NotesController->create()
#9 F:\11. Web Development\Project Belajar\notes-restapi\system\CodeIgniter.php(497): CodeIgniter\CodeIgniter->runController(Object(App\Controllers\NotesController))
#10 F:\11. Web Development\Project Belajar\notes-restapi\system\CodeIgniter.php(366): CodeIgniter\CodeIgniter->handleRequest(NULL, Object(Config\Cache), false)
#11 F:\11. Web Development\Project Belajar\notes-restapi\public\index.php(67): CodeIgniter\CodeIgniter->run()
#12 F:\11. Web Development\Project Belajar\notes-restapi\system\Commands\Server\rewrite.php(47): require_once('F:\\11. Web Deve...')
#13 {main}
CRITICAL - 2023-06-28 06:06:08 --> Unknown column 'updated_at' in 'field list'
in SYSTEMPATH\Database\MySQLi\Connection.php on line 295.
 1 SYSTEMPATH\Database\MySQLi\Connection.php(295): mysqli->query('INSERT INTO `notes` (`title`, `content`, `date`, `updated_at`) VALUES (\'Ini Judul\', \'Ini Konten\', \'2023-06-28 06:06:08\', \'2023-06-28 06:06:08\')', 0)
 2 SYSTEMPATH\Database\BaseConnection.php(692): CodeIgniter\Database\MySQLi\Connection->execute('INSERT INTO `notes` (`title`, `content`, `date`, `updated_at`) VALUES (\'Ini Judul\', \'Ini Konten\', \'2023-06-28 06:06:08\', \'2023-06-28 06:06:08\')')
 3 SYSTEMPATH\Database\BaseConnection.php(606): CodeIgniter\Database\BaseConnection->simpleQuery('INSERT INTO `notes` (`title`, `content`, `date`, `updated_at`) VALUES (\'Ini Judul\', \'Ini Konten\', \'2023-06-28 06:06:08\', \'2023-06-28 06:06:08\')')
 4 SYSTEMPATH\Database\BaseBuilder.php(2309): CodeIgniter\Database\BaseConnection->query('INSERT INTO `notes` (`title`, `content`, `date`, `updated_at`) VALUES (:title:, :content:, :date:, :updated_at:)', [...], false)
 5 SYSTEMPATH\Model.php(330): CodeIgniter\Database\BaseBuilder->insert()
 6 SYSTEMPATH\BaseModel.php(782): CodeIgniter\Model->doInsert([...])
 7 SYSTEMPATH\Model.php(730): CodeIgniter\BaseModel->insert([...], true)
 8 APPPATH\Controllers\NotesController.php(69): CodeIgniter\Model->insert([...])
 9 SYSTEMPATH\CodeIgniter.php(932): App\Controllers\NotesController->create()
10 SYSTEMPATH\CodeIgniter.php(497): CodeIgniter\CodeIgniter->runController(Object(App\Controllers\NotesController))
11 SYSTEMPATH\CodeIgniter.php(366): CodeIgniter\CodeIgniter->handleRequest(null, Object(Config\Cache), false)
12 FCPATH\index.php(67): CodeIgniter\CodeIgniter->run()
13 SYSTEMPATH\Commands\Server\rewrite.php(47): require_once('F:\\11. Web Development\\Project Belajar\\notes-restapi\\public\\index.php')
ERROR - 2023-06-28 06:07:05 --> mysqli_sql_exception: Unknown column 'updated_at' in 'field list' in F:\11. Web Development\Project Belajar\notes-restapi\system\Database\MySQLi\Connection.php:295
Stack trace:
#0 F:\11. Web Development\Project Belajar\notes-restapi\system\Database\MySQLi\Connection.php(295): mysqli->query('INSERT INTO `no...', 0)
#1 F:\11. Web Development\Project Belajar\notes-restapi\system\Database\BaseConnection.php(692): CodeIgniter\Database\MySQLi\Connection->execute('INSERT INTO `no...')
#2 F:\11. Web Development\Project Belajar\notes-restapi\system\Database\BaseConnection.php(606): CodeIgniter\Database\BaseConnection->simpleQuery('INSERT INTO `no...')
#3 F:\11. Web Development\Project Belajar\notes-restapi\system\Database\BaseBuilder.php(2309): CodeIgniter\Database\BaseConnection->query('INSERT INTO `no...', Array, false)
#4 F:\11. Web Development\Project Belajar\notes-restapi\system\Model.php(330): CodeIgniter\Database\BaseBuilder->insert()
#5 F:\11. Web Development\Project Belajar\notes-restapi\system\BaseModel.php(782): CodeIgniter\Model->doInsert(Array)
#6 F:\11. Web Development\Project Belajar\notes-restapi\system\Model.php(730): CodeIgniter\BaseModel->insert(Array, true)
#7 F:\11. Web Development\Project Belajar\notes-restapi\app\Controllers\NotesController.php(69): CodeIgniter\Model->insert(Array)
#8 F:\11. Web Development\Project Belajar\notes-restapi\system\CodeIgniter.php(932): App\Controllers\NotesController->create()
#9 F:\11. Web Development\Project Belajar\notes-restapi\system\CodeIgniter.php(497): CodeIgniter\CodeIgniter->runController(Object(App\Controllers\NotesController))
#10 F:\11. Web Development\Project Belajar\notes-restapi\system\CodeIgniter.php(366): CodeIgniter\CodeIgniter->handleRequest(NULL, Object(Config\Cache), false)
#11 F:\11. Web Development\Project Belajar\notes-restapi\public\index.php(67): CodeIgniter\CodeIgniter->run()
#12 F:\11. Web Development\Project Belajar\notes-restapi\system\Commands\Server\rewrite.php(47): require_once('F:\\11. Web Deve...')
#13 {main}
CRITICAL - 2023-06-28 06:07:05 --> Unknown column 'updated_at' in 'field list'
in SYSTEMPATH\Database\MySQLi\Connection.php on line 295.
 1 SYSTEMPATH\Database\MySQLi\Connection.php(295): mysqli->query('INSERT INTO `notes` (`title`, `content`, `date`, `updated_at`) VALUES (\'Ini Judul\', \'Ini Konten\', \'2023-06-28 06:07:05\', \'2023-06-28 06:07:05\')', 0)
 2 SYSTEMPATH\Database\BaseConnection.php(692): CodeIgniter\Database\MySQLi\Connection->execute('INSERT INTO `notes` (`title`, `content`, `date`, `updated_at`) VALUES (\'Ini Judul\', \'Ini Konten\', \'2023-06-28 06:07:05\', \'2023-06-28 06:07:05\')')
 3 SYSTEMPATH\Database\BaseConnection.php(606): CodeIgniter\Database\BaseConnection->simpleQuery('INSERT INTO `notes` (`title`, `content`, `date`, `updated_at`) VALUES (\'Ini Judul\', \'Ini Konten\', \'2023-06-28 06:07:05\', \'2023-06-28 06:07:05\')')
 4 SYSTEMPATH\Database\BaseBuilder.php(2309): CodeIgniter\Database\BaseConnection->query('INSERT INTO `notes` (`title`, `content`, `date`, `updated_at`) VALUES (:title:, :content:, :date:, :updated_at:)', [...], false)
 5 SYSTEMPATH\Model.php(330): CodeIgniter\Database\BaseBuilder->insert()
 6 SYSTEMPATH\BaseModel.php(782): CodeIgniter\Model->doInsert([...])
 7 SYSTEMPATH\Model.php(730): CodeIgniter\BaseModel->insert([...], true)
 8 APPPATH\Controllers\NotesController.php(69): CodeIgniter\Model->insert([...])
 9 SYSTEMPATH\CodeIgniter.php(932): App\Controllers\NotesController->create()
10 SYSTEMPATH\CodeIgniter.php(497): CodeIgniter\CodeIgniter->runController(Object(App\Controllers\NotesController))
11 SYSTEMPATH\CodeIgniter.php(366): CodeIgniter\CodeIgniter->handleRequest(null, Object(Config\Cache), false)
12 FCPATH\index.php(67): CodeIgniter\CodeIgniter->run()
13 SYSTEMPATH\Commands\Server\rewrite.php(47): require_once('F:\\11. Web Development\\Project Belajar\\notes-restapi\\public\\index.php')
ERROR - 2023-06-28 06:09:03 --> mysqli_sql_exception: Unknown column 'updated_at' in 'field list' in F:\11. Web Development\Project Belajar\notes-restapi\system\Database\MySQLi\Connection.php:295
Stack trace:
#0 F:\11. Web Development\Project Belajar\notes-restapi\system\Database\MySQLi\Connection.php(295): mysqli->query('UPDATE `notes` ...', 0)
#1 F:\11. Web Development\Project Belajar\notes-restapi\system\Database\BaseConnection.php(692): CodeIgniter\Database\MySQLi\Connection->execute('UPDATE `notes` ...')
#2 F:\11. Web Development\Project Belajar\notes-restapi\system\Database\BaseConnection.php(606): CodeIgniter\Database\BaseConnection->simpleQuery('UPDATE `notes` ...')
#3 F:\11. Web Development\Project Belajar\notes-restapi\system\Database\BaseBuilder.php(2476): CodeIgniter\Database\BaseConnection->query('UPDATE `notes` ...', Array, false)
#4 F:\11. Web Development\Project Belajar\notes-restapi\system\Model.php(396): CodeIgniter\Database\BaseBuilder->update()
#5 F:\11. Web Development\Project Belajar\notes-restapi\system\BaseModel.php(943): CodeIgniter\Model->doUpdate(Array, Array)
#6 F:\11. Web Development\Project Belajar\notes-restapi\system\Model.php(756): CodeIgniter\BaseModel->update(Array, Array)
#7 F:\11. Web Development\Project Belajar\notes-restapi\app\Controllers\NotesController.php(99): CodeIgniter\Model->update('1', Array)
#8 F:\11. Web Development\Project Belajar\notes-restapi\system\CodeIgniter.php(932): App\Controllers\NotesController->update('1')
#9 F:\11. Web Development\Project Belajar\notes-restapi\system\CodeIgniter.php(497): CodeIgniter\CodeIgniter->runController(Object(App\Controllers\NotesController))
#10 F:\11. Web Development\Project Belajar\notes-restapi\system\CodeIgniter.php(366): CodeIgniter\CodeIgniter->handleRequest(NULL, Object(Config\Cache), false)
#11 F:\11. Web Development\Project Belajar\notes-restapi\public\index.php(67): CodeIgniter\CodeIgniter->run()
#12 F:\11. Web Development\Project Belajar\notes-restapi\system\Commands\Server\rewrite.php(47): require_once('F:\\11. Web Deve...')
#13 {main}
CRITICAL - 2023-06-28 06:09:03 --> Unknown column 'updated_at' in 'field list'
in SYSTEMPATH\Database\MySQLi\Connection.php on line 295.
 1 SYSTEMPATH\Database\MySQLi\Connection.php(295): mysqli->query('UPDATE `notes` SET `title` = \'ubah title\', `content` = \'ubah konten\', `updated_at` = \'2023-06-28 06:09:03\'
WHERE `notes`.`id` IN (\'1\')', 0)
 2 SYSTEMPATH\Database\BaseConnection.php(692): CodeIgniter\Database\MySQLi\Connection->execute('UPDATE `notes` SET `title` = \'ubah title\', `content` = \'ubah konten\', `updated_at` = \'2023-06-28 06:09:03\'
WHERE `notes`.`id` IN (\'1\')')
 3 SYSTEMPATH\Database\BaseConnection.php(606): CodeIgniter\Database\BaseConnection->simpleQuery('UPDATE `notes` SET `title` = \'ubah title\', `content` = \'ubah konten\', `updated_at` = \'2023-06-28 06:09:03\'
WHERE `notes`.`id` IN (\'1\')')
 4 SYSTEMPATH\Database\BaseBuilder.php(2476): CodeIgniter\Database\BaseConnection->query('UPDATE `notes` SET `title` = :title:, `content` = :content:, `updated_at` = :updated_at:
WHERE `notes`.`id` IN :notes.id:', [...], false)
 5 SYSTEMPATH\Model.php(396): CodeIgniter\Database\BaseBuilder->update()
 6 SYSTEMPATH\BaseModel.php(943): CodeIgniter\Model->doUpdate([...], [...])
 7 SYSTEMPATH\Model.php(756): CodeIgniter\BaseModel->update([...], [...])
 8 APPPATH\Controllers\NotesController.php(99): CodeIgniter\Model->update('1', [...])
 9 SYSTEMPATH\CodeIgniter.php(932): App\Controllers\NotesController->update('1')
10 SYSTEMPATH\CodeIgniter.php(497): CodeIgniter\CodeIgniter->runController(Object(App\Controllers\NotesController))
11 SYSTEMPATH\CodeIgniter.php(366): CodeIgniter\CodeIgniter->handleRequest(null, Object(Config\Cache), false)
12 FCPATH\index.php(67): CodeIgniter\CodeIgniter->run()
13 SYSTEMPATH\Commands\Server\rewrite.php(47): require_once('F:\\11. Web Development\\Project Belajar\\notes-restapi\\public\\index.php')
ERROR - 2023-06-28 06:10:54 --> mysqli_sql_exception: Unknown column 'updated_at' in 'field list' in F:\11. Web Development\Project Belajar\notes-restapi\system\Database\MySQLi\Connection.php:295
Stack trace:
#0 F:\11. Web Development\Project Belajar\notes-restapi\system\Database\MySQLi\Connection.php(295): mysqli->query('UPDATE `notes` ...', 0)
#1 F:\11. Web Development\Project Belajar\notes-restapi\system\Database\BaseConnection.php(692): CodeIgniter\Database\MySQLi\Connection->execute('UPDATE `notes` ...')
#2 F:\11. Web Development\Project Belajar\notes-restapi\system\Database\BaseConnection.php(606): CodeIgniter\Database\BaseConnection->simpleQuery('UPDATE `notes` ...')
#3 F:\11. Web Development\Project Belajar\notes-restapi\system\Database\BaseBuilder.php(2476): CodeIgniter\Database\BaseConnection->query('UPDATE `notes` ...', Array, false)
#4 F:\11. Web Development\Project Belajar\notes-restapi\system\Model.php(396): CodeIgniter\Database\BaseBuilder->update()
#5 F:\11. Web Development\Project Belajar\notes-restapi\system\BaseModel.php(943): CodeIgniter\Model->doUpdate(Array, Array)
#6 F:\11. Web Development\Project Belajar\notes-restapi\system\Model.php(756): CodeIgniter\BaseModel->update(Array, Array)
#7 F:\11. Web Development\Project Belajar\notes-restapi\app\Controllers\NotesController.php(99): CodeIgniter\Model->update('1', Array)
#8 F:\11. Web Development\Project Belajar\notes-restapi\system\CodeIgniter.php(932): App\Controllers\NotesController->update('1')
#9 F:\11. Web Development\Project Belajar\notes-restapi\system\CodeIgniter.php(497): CodeIgniter\CodeIgniter->runController(Object(App\Controllers\NotesController))
#10 F:\11. Web Development\Project Belajar\notes-restapi\system\CodeIgniter.php(366): CodeIgniter\CodeIgniter->handleRequest(NULL, Object(Config\Cache), false)
#11 F:\11. Web Development\Project Belajar\notes-restapi\public\index.php(67): CodeIgniter\CodeIgniter->run()
#12 F:\11. Web Development\Project Belajar\notes-restapi\system\Commands\Server\rewrite.php(47): require_once('F:\\11. Web Deve...')
#13 {main}
CRITICAL - 2023-06-28 06:10:54 --> Unknown column 'updated_at' in 'field list'
in SYSTEMPATH\Database\MySQLi\Connection.php on line 295.
 1 SYSTEMPATH\Database\MySQLi\Connection.php(295): mysqli->query('UPDATE `notes` SET `title` = \'ubah title\', `content` = \'ubah konten\', `updated_at` = \'2023-06-28 06:10:54\'
WHERE `notes`.`id` IN (\'1\')', 0)
 2 SYSTEMPATH\Database\BaseConnection.php(692): CodeIgniter\Database\MySQLi\Connection->execute('UPDATE `notes` SET `title` = \'ubah title\', `content` = \'ubah konten\', `updated_at` = \'2023-06-28 06:10:54\'
WHERE `notes`.`id` IN (\'1\')')
 3 SYSTEMPATH\Database\BaseConnection.php(606): CodeIgniter\Database\BaseConnection->simpleQuery('UPDATE `notes` SET `title` = \'ubah title\', `content` = \'ubah konten\', `updated_at` = \'2023-06-28 06:10:54\'
WHERE `notes`.`id` IN (\'1\')')
 4 SYSTEMPATH\Database\BaseBuilder.php(2476): CodeIgniter\Database\BaseConnection->query('UPDATE `notes` SET `title` = :title:, `content` = :content:, `updated_at` = :updated_at:
WHERE `notes`.`id` IN :notes.id:', [...], false)
 5 SYSTEMPATH\Model.php(396): CodeIgniter\Database\BaseBuilder->update()
 6 SYSTEMPATH\BaseModel.php(943): CodeIgniter\Model->doUpdate([...], [...])
 7 SYSTEMPATH\Model.php(756): CodeIgniter\BaseModel->update([...], [...])
 8 APPPATH\Controllers\NotesController.php(99): CodeIgniter\Model->update('1', [...])
 9 SYSTEMPATH\CodeIgniter.php(932): App\Controllers\NotesController->update('1')
10 SYSTEMPATH\CodeIgniter.php(497): CodeIgniter\CodeIgniter->runController(Object(App\Controllers\NotesController))
11 SYSTEMPATH\CodeIgniter.php(366): CodeIgniter\CodeIgniter->handleRequest(null, Object(Config\Cache), false)
12 FCPATH\index.php(67): CodeIgniter\CodeIgniter->run()
13 SYSTEMPATH\Commands\Server\rewrite.php(47): require_once('F:\\11. Web Development\\Project Belajar\\notes-restapi\\public\\index.php')
ERROR - 2023-06-28 06:10:58 --> mysqli_sql_exception: Unknown column 'updated_at' in 'field list' in F:\11. Web Development\Project Belajar\notes-restapi\system\Database\MySQLi\Connection.php:295
Stack trace:
#0 F:\11. Web Development\Project Belajar\notes-restapi\system\Database\MySQLi\Connection.php(295): mysqli->query('INSERT INTO `no...', 0)
#1 F:\11. Web Development\Project Belajar\notes-restapi\system\Database\BaseConnection.php(692): CodeIgniter\Database\MySQLi\Connection->execute('INSERT INTO `no...')
#2 F:\11. Web Development\Project Belajar\notes-restapi\system\Database\BaseConnection.php(606): CodeIgniter\Database\BaseConnection->simpleQuery('INSERT INTO `no...')
#3 F:\11. Web Development\Project Belajar\notes-restapi\system\Database\BaseBuilder.php(2309): CodeIgniter\Database\BaseConnection->query('INSERT INTO `no...', Array, false)
#4 F:\11. Web Development\Project Belajar\notes-restapi\system\Model.php(330): CodeIgniter\Database\BaseBuilder->insert()
#5 F:\11. Web Development\Project Belajar\notes-restapi\system\BaseModel.php(782): CodeIgniter\Model->doInsert(Array)
#6 F:\11. Web Development\Project Belajar\notes-restapi\system\Model.php(730): CodeIgniter\BaseModel->insert(Array, true)
#7 F:\11. Web Development\Project Belajar\notes-restapi\app\Controllers\NotesController.php(69): CodeIgniter\Model->insert(Array)
#8 F:\11. Web Development\Project Belajar\notes-restapi\system\CodeIgniter.php(932): App\Controllers\NotesController->create()
#9 F:\11. Web Development\Project Belajar\notes-restapi\system\CodeIgniter.php(497): CodeIgniter\CodeIgniter->runController(Object(App\Controllers\NotesController))
#10 F:\11. Web Development\Project Belajar\notes-restapi\system\CodeIgniter.php(366): CodeIgniter\CodeIgniter->handleRequest(NULL, Object(Config\Cache), false)
#11 F:\11. Web Development\Project Belajar\notes-restapi\public\index.php(67): CodeIgniter\CodeIgniter->run()
#12 F:\11. Web Development\Project Belajar\notes-restapi\system\Commands\Server\rewrite.php(47): require_once('F:\\11. Web Deve...')
#13 {main}
CRITICAL - 2023-06-28 06:10:58 --> Unknown column 'updated_at' in 'field list'
in SYSTEMPATH\Database\MySQLi\Connection.php on line 295.
 1 SYSTEMPATH\Database\MySQLi\Connection.php(295): mysqli->query('INSERT INTO `notes` (`title`, `content`, `date`, `updated_at`) VALUES (\'Ini Judul\', \'Ini Konten\', \'2023-06-28 06:10:58\', \'2023-06-28 06:10:58\')', 0)
 2 SYSTEMPATH\Database\BaseConnection.php(692): CodeIgniter\Database\MySQLi\Connection->execute('INSERT INTO `notes` (`title`, `content`, `date`, `updated_at`) VALUES (\'Ini Judul\', \'Ini Konten\', \'2023-06-28 06:10:58\', \'2023-06-28 06:10:58\')')
 3 SYSTEMPATH\Database\BaseConnection.php(606): CodeIgniter\Database\BaseConnection->simpleQuery('INSERT INTO `notes` (`title`, `content`, `date`, `updated_at`) VALUES (\'Ini Judul\', \'Ini Konten\', \'2023-06-28 06:10:58\', \'2023-06-28 06:10:58\')')
 4 SYSTEMPATH\Database\BaseBuilder.php(2309): CodeIgniter\Database\BaseConnection->query('INSERT INTO `notes` (`title`, `content`, `date`, `updated_at`) VALUES (:title:, :content:, :date:, :updated_at:)', [...], false)
 5 SYSTEMPATH\Model.php(330): CodeIgniter\Database\BaseBuilder->insert()
 6 SYSTEMPATH\BaseModel.php(782): CodeIgniter\Model->doInsert([...])
 7 SYSTEMPATH\Model.php(730): CodeIgniter\BaseModel->insert([...], true)
 8 APPPATH\Controllers\NotesController.php(69): CodeIgniter\Model->insert([...])
 9 SYSTEMPATH\CodeIgniter.php(932): App\Controllers\NotesController->create()
10 SYSTEMPATH\CodeIgniter.php(497): CodeIgniter\CodeIgniter->runController(Object(App\Controllers\NotesController))
11 SYSTEMPATH\CodeIgniter.php(366): CodeIgniter\CodeIgniter->handleRequest(null, Object(Config\Cache), false)
12 FCPATH\index.php(67): CodeIgniter\CodeIgniter->run()
13 SYSTEMPATH\Commands\Server\rewrite.php(47): require_once('F:\\11. Web Development\\Project Belajar\\notes-restapi\\public\\index.php')
ERROR - 2023-06-28 06:14:00 --> mysqli_sql_exception: Unknown column 'updated_at' in 'field list' in F:\11. Web Development\Project Belajar\notes-restapi\system\Database\MySQLi\Connection.php:295
Stack trace:
#0 F:\11. Web Development\Project Belajar\notes-restapi\system\Database\MySQLi\Connection.php(295): mysqli->query('INSERT INTO `no...', 0)
#1 F:\11. Web Development\Project Belajar\notes-restapi\system\Database\BaseConnection.php(692): CodeIgniter\Database\MySQLi\Connection->execute('INSERT INTO `no...')
#2 F:\11. Web Development\Project Belajar\notes-restapi\system\Database\BaseConnection.php(606): CodeIgniter\Database\BaseConnection->simpleQuery('INSERT INTO `no...')
#3 F:\11. Web Development\Project Belajar\notes-restapi\system\Database\BaseBuilder.php(2309): CodeIgniter\Database\BaseConnection->query('INSERT INTO `no...', Array, false)
#4 F:\11. Web Development\Project Belajar\notes-restapi\system\Model.php(330): CodeIgniter\Database\BaseBuilder->insert()
#5 F:\11. Web Development\Project Belajar\notes-restapi\system\BaseModel.php(782): CodeIgniter\Model->doInsert(Array)
#6 F:\11. Web Development\Project Belajar\notes-restapi\system\Model.php(730): CodeIgniter\BaseModel->insert(Array, true)
#7 F:\11. Web Development\Project Belajar\notes-restapi\app\Controllers\NotesController.php(69): CodeIgniter\Model->insert(Array)
#8 F:\11. Web Development\Project Belajar\notes-restapi\system\CodeIgniter.php(932): App\Controllers\NotesController->create()
#9 F:\11. Web Development\Project Belajar\notes-restapi\system\CodeIgniter.php(497): CodeIgniter\CodeIgniter->runController(Object(App\Controllers\NotesController))
#10 F:\11. Web Development\Project Belajar\notes-restapi\system\CodeIgniter.php(366): CodeIgniter\CodeIgniter->handleRequest(NULL, Object(Config\Cache), false)
#11 F:\11. Web Development\Project Belajar\notes-restapi\public\index.php(67): CodeIgniter\CodeIgniter->run()
#12 F:\11. Web Development\Project Belajar\notes-restapi\system\Commands\Server\rewrite.php(47): require_once('F:\\11. Web Deve...')
#13 {main}
CRITICAL - 2023-06-28 06:14:01 --> Unknown column 'updated_at' in 'field list'
in SYSTEMPATH\Database\MySQLi\Connection.php on line 295.
 1 SYSTEMPATH\Database\MySQLi\Connection.php(295): mysqli->query('INSERT INTO `notes` (`title`, `content`, `date`, `updated_at`) VALUES (\'Ini Judul\', \'Ini Konten\', \'2023-06-28 06:14:00\', \'2023-06-28 06:14:00\')', 0)
 2 SYSTEMPATH\Database\BaseConnection.php(692): CodeIgniter\Database\MySQLi\Connection->execute('INSERT INTO `notes` (`title`, `content`, `date`, `updated_at`) VALUES (\'Ini Judul\', \'Ini Konten\', \'2023-06-28 06:14:00\', \'2023-06-28 06:14:00\')')
 3 SYSTEMPATH\Database\BaseConnection.php(606): CodeIgniter\Database\BaseConnection->simpleQuery('INSERT INTO `notes` (`title`, `content`, `date`, `updated_at`) VALUES (\'Ini Judul\', \'Ini Konten\', \'2023-06-28 06:14:00\', \'2023-06-28 06:14:00\')')
 4 SYSTEMPATH\Database\BaseBuilder.php(2309): CodeIgniter\Database\BaseConnection->query('INSERT INTO `notes` (`title`, `content`, `date`, `updated_at`) VALUES (:title:, :content:, :date:, :updated_at:)', [...], false)
 5 SYSTEMPATH\Model.php(330): CodeIgniter\Database\BaseBuilder->insert()
 6 SYSTEMPATH\BaseModel.php(782): CodeIgniter\Model->doInsert([...])
 7 SYSTEMPATH\Model.php(730): CodeIgniter\BaseModel->insert([...], true)
 8 APPPATH\Controllers\NotesController.php(69): CodeIgniter\Model->insert([...])
 9 SYSTEMPATH\CodeIgniter.php(932): App\Controllers\NotesController->create()
10 SYSTEMPATH\CodeIgniter.php(497): CodeIgniter\CodeIgniter->runController(Object(App\Controllers\NotesController))
11 SYSTEMPATH\CodeIgniter.php(366): CodeIgniter\CodeIgniter->handleRequest(null, Object(Config\Cache), false)
12 FCPATH\index.php(67): CodeIgniter\CodeIgniter->run()
13 SYSTEMPATH\Commands\Server\rewrite.php(47): require_once('F:\\11. Web Development\\Project Belajar\\notes-restapi\\public\\index.php')
ERROR - 2023-06-28 06:16:39 --> mysqli_sql_exception: Unknown column 'updated_at' in 'field list' in F:\11. Web Development\Project Belajar\notes-restapi\system\Database\MySQLi\Connection.php:295
Stack trace:
#0 F:\11. Web Development\Project Belajar\notes-restapi\system\Database\MySQLi\Connection.php(295): mysqli->query('INSERT INTO `no...', 0)
#1 F:\11. Web Development\Project Belajar\notes-restapi\system\Database\BaseConnection.php(692): CodeIgniter\Database\MySQLi\Connection->execute('INSERT INTO `no...')
#2 F:\11. Web Development\Project Belajar\notes-restapi\system\Database\BaseConnection.php(606): CodeIgniter\Database\BaseConnection->simpleQuery('INSERT INTO `no...')
#3 F:\11. Web Development\Project Belajar\notes-restapi\system\Database\BaseBuilder.php(2309): CodeIgniter\Database\BaseConnection->query('INSERT INTO `no...', Array, false)
#4 F:\11. Web Development\Project Belajar\notes-restapi\system\Model.php(330): CodeIgniter\Database\BaseBuilder->insert()
#5 F:\11. Web Development\Project Belajar\notes-restapi\system\BaseModel.php(782): CodeIgniter\Model->doInsert(Array)
#6 F:\11. Web Development\Project Belajar\notes-restapi\system\Model.php(730): CodeIgniter\BaseModel->insert(Array, true)
#7 F:\11. Web Development\Project Belajar\notes-restapi\app\Controllers\NotesController.php(69): CodeIgniter\Model->insert(Array)
#8 F:\11. Web Development\Project Belajar\notes-restapi\system\CodeIgniter.php(932): App\Controllers\NotesController->create()
#9 F:\11. Web Development\Project Belajar\notes-restapi\system\CodeIgniter.php(497): CodeIgniter\CodeIgniter->runController(Object(App\Controllers\NotesController))
#10 F:\11. Web Development\Project Belajar\notes-restapi\system\CodeIgniter.php(366): CodeIgniter\CodeIgniter->handleRequest(NULL, Object(Config\Cache), false)
#11 F:\11. Web Development\Project Belajar\notes-restapi\public\index.php(67): CodeIgniter\CodeIgniter->run()
#12 F:\11. Web Development\Project Belajar\notes-restapi\system\Commands\Server\rewrite.php(47): require_once('F:\\11. Web Deve...')
#13 {main}
CRITICAL - 2023-06-28 06:16:39 --> Unknown column 'updated_at' in 'field list'
in SYSTEMPATH\Database\MySQLi\Connection.php on line 295.
 1 SYSTEMPATH\Database\MySQLi\Connection.php(295): mysqli->query('INSERT INTO `notes` (`title`, `content`, `date`, `updated_at`) VALUES (\'Ini Judul\', \'Ini Konten\', \'2023-06-28 06:16:39\', \'2023-06-28 06:16:39\')', 0)
 2 SYSTEMPATH\Database\BaseConnection.php(692): CodeIgniter\Database\MySQLi\Connection->execute('INSERT INTO `notes` (`title`, `content`, `date`, `updated_at`) VALUES (\'Ini Judul\', \'Ini Konten\', \'2023-06-28 06:16:39\', \'2023-06-28 06:16:39\')')
 3 SYSTEMPATH\Database\BaseConnection.php(606): CodeIgniter\Database\BaseConnection->simpleQuery('INSERT INTO `notes` (`title`, `content`, `date`, `updated_at`) VALUES (\'Ini Judul\', \'Ini Konten\', \'2023-06-28 06:16:39\', \'2023-06-28 06:16:39\')')
 4 SYSTEMPATH\Database\BaseBuilder.php(2309): CodeIgniter\Database\BaseConnection->query('INSERT INTO `notes` (`title`, `content`, `date`, `updated_at`) VALUES (:title:, :content:, :date:, :updated_at:)', [...], false)
 5 SYSTEMPATH\Model.php(330): CodeIgniter\Database\BaseBuilder->insert()
 6 SYSTEMPATH\BaseModel.php(782): CodeIgniter\Model->doInsert([...])
 7 SYSTEMPATH\Model.php(730): CodeIgniter\BaseModel->insert([...], true)
 8 APPPATH\Controllers\NotesController.php(69): CodeIgniter\Model->insert([...])
 9 SYSTEMPATH\CodeIgniter.php(932): App\Controllers\NotesController->create()
10 SYSTEMPATH\CodeIgniter.php(497): CodeIgniter\CodeIgniter->runController(Object(App\Controllers\NotesController))
11 SYSTEMPATH\CodeIgniter.php(366): CodeIgniter\CodeIgniter->handleRequest(null, Object(Config\Cache), false)
12 FCPATH\index.php(67): CodeIgniter\CodeIgniter->run()
13 SYSTEMPATH\Commands\Server\rewrite.php(47): require_once('F:\\11. Web Development\\Project Belajar\\notes-restapi\\public\\index.php')
ERROR - 2023-06-28 06:18:39 --> mysqli_sql_exception: Unknown column 'created_at' in 'field list' in F:\11. Web Development\Project Belajar\notes-restapi\system\Database\MySQLi\Connection.php:295
Stack trace:
#0 F:\11. Web Development\Project Belajar\notes-restapi\system\Database\MySQLi\Connection.php(295): mysqli->query('INSERT INTO `no...', 0)
#1 F:\11. Web Development\Project Belajar\notes-restapi\system\Database\BaseConnection.php(692): CodeIgniter\Database\MySQLi\Connection->execute('INSERT INTO `no...')
#2 F:\11. Web Development\Project Belajar\notes-restapi\system\Database\BaseConnection.php(606): CodeIgniter\Database\BaseConnection->simpleQuery('INSERT INTO `no...')
#3 F:\11. Web Development\Project Belajar\notes-restapi\system\Database\BaseBuilder.php(2309): CodeIgniter\Database\BaseConnection->query('INSERT INTO `no...', Array, false)
#4 F:\11. Web Development\Project Belajar\notes-restapi\system\Model.php(330): CodeIgniter\Database\BaseBuilder->insert()
#5 F:\11. Web Development\Project Belajar\notes-restapi\system\BaseModel.php(782): CodeIgniter\Model->doInsert(Array)
#6 F:\11. Web Development\Project Belajar\notes-restapi\system\Model.php(730): CodeIgniter\BaseModel->insert(Array, true)
#7 F:\11. Web Development\Project Belajar\notes-restapi\app\Controllers\NotesController.php(69): CodeIgniter\Model->insert(Array)
#8 F:\11. Web Development\Project Belajar\notes-restapi\system\CodeIgniter.php(932): App\Controllers\NotesController->create()
#9 F:\11. Web Development\Project Belajar\notes-restapi\system\CodeIgniter.php(497): CodeIgniter\CodeIgniter->runController(Object(App\Controllers\NotesController))
#10 F:\11. Web Development\Project Belajar\notes-restapi\system\CodeIgniter.php(366): CodeIgniter\CodeIgniter->handleRequest(NULL, Object(Config\Cache), false)
#11 F:\11. Web Development\Project Belajar\notes-restapi\public\index.php(67): CodeIgniter\CodeIgniter->run()
#12 F:\11. Web Development\Project Belajar\notes-restapi\system\Commands\Server\rewrite.php(47): require_once('F:\\11. Web Deve...')
#13 {main}
CRITICAL - 2023-06-28 06:18:39 --> Unknown column 'created_at' in 'field list'
in SYSTEMPATH\Database\MySQLi\Connection.php on line 295.
 1 SYSTEMPATH\Database\MySQLi\Connection.php(295): mysqli->query('INSERT INTO `notes` (`title`, `content`, `created_at`, `updated_at`) VALUES (\'Ini Judul\', \'Ini Konten\', \'2023-06-28 06:18:39\', \'2023-06-28 06:18:39\')', 0)
 2 SYSTEMPATH\Database\BaseConnection.php(692): CodeIgniter\Database\MySQLi\Connection->execute('INSERT INTO `notes` (`title`, `content`, `created_at`, `updated_at`) VALUES (\'Ini Judul\', \'Ini Konten\', \'2023-06-28 06:18:39\', \'2023-06-28 06:18:39\')')
 3 SYSTEMPATH\Database\BaseConnection.php(606): CodeIgniter\Database\BaseConnection->simpleQuery('INSERT INTO `notes` (`title`, `content`, `created_at`, `updated_at`) VALUES (\'Ini Judul\', \'Ini Konten\', \'2023-06-28 06:18:39\', \'2023-06-28 06:18:39\')')
 4 SYSTEMPATH\Database\BaseBuilder.php(2309): CodeIgniter\Database\BaseConnection->query('INSERT INTO `notes` (`title`, `content`, `created_at`, `updated_at`) VALUES (:title:, :content:, :created_at:, :updated_at:)', [...], false)
 5 SYSTEMPATH\Model.php(330): CodeIgniter\Database\BaseBuilder->insert()
 6 SYSTEMPATH\BaseModel.php(782): CodeIgniter\Model->doInsert([...])
 7 SYSTEMPATH\Model.php(730): CodeIgniter\BaseModel->insert([...], true)
 8 APPPATH\Controllers\NotesController.php(69): CodeIgniter\Model->insert([...])
 9 SYSTEMPATH\CodeIgniter.php(932): App\Controllers\NotesController->create()
10 SYSTEMPATH\CodeIgniter.php(497): CodeIgniter\CodeIgniter->runController(Object(App\Controllers\NotesController))
11 SYSTEMPATH\CodeIgniter.php(366): CodeIgniter\CodeIgniter->handleRequest(null, Object(Config\Cache), false)
12 FCPATH\index.php(67): CodeIgniter\CodeIgniter->run()
13 SYSTEMPATH\Commands\Server\rewrite.php(47): require_once('F:\\11. Web Development\\Project Belajar\\notes-restapi\\public\\index.php')
