CRITICAL - 2023-06-26 03:42:05 --> The framework needs the following extension(s) installed and loaded: intl.
in SYSTEMPATH\CodeIgniter.php on line 226.
 1 SYSTEMPATH\CodeIgniter.php(226): CodeIgniter\Exceptions\FrameworkException::forMissingExtension('intl')
 2 SYSTEMPATH\CodeIgniter.php(190): CodeIgniter\CodeIgniter->resolvePlatformExtensions()
 3 ROOTPATH\spark(83): CodeIgniter\CodeIgniter->initialize()
CRITICAL - 2023-06-26 03:43:10 --> The framework needs the following extension(s) installed and loaded: intl.
in SYSTEMPATH\CodeIgniter.php on line 226.
 1 SYSTEMPATH\CodeIgniter.php(226): CodeIgniter\Exceptions\FrameworkException::forMissingExtension('intl')
 2 SYSTEMPATH\CodeIgniter.php(190): CodeIgniter\CodeIgniter->resolvePlatformExtensions()
 3 ROOTPATH\spark(83): CodeIgniter\CodeIgniter->initialize()
ERROR - 2023-06-26 02:25:22 --> mysqli_sql_exception: Column 'title' cannot be null in F:\11. Web Development\Project Belajar\ci4_rest\system\Database\MySQLi\Connection.php:295
Stack trace:
#0 F:\11. Web Development\Project Belajar\ci4_rest\system\Database\MySQLi\Connection.php(295): mysqli->query('INSERT INTO `no...', 0)
#1 F:\11. Web Development\Project Belajar\ci4_rest\system\Database\BaseConnection.php(692): CodeIgniter\Database\MySQLi\Connection->execute('INSERT INTO `no...')
#2 F:\11. Web Development\Project Belajar\ci4_rest\system\Database\BaseConnection.php(606): CodeIgniter\Database\BaseConnection->simpleQuery('INSERT INTO `no...')
#3 F:\11. Web Development\Project Belajar\ci4_rest\system\Database\BaseBuilder.php(2309): CodeIgniter\Database\BaseConnection->query('INSERT INTO `no...', Array, false)
#4 F:\11. Web Development\Project Belajar\ci4_rest\system\Model.php(330): CodeIgniter\Database\BaseBuilder->insert()
#5 F:\11. Web Development\Project Belajar\ci4_rest\system\BaseModel.php(782): CodeIgniter\Model->doInsert(Array)
#6 F:\11. Web Development\Project Belajar\ci4_rest\system\Model.php(730): CodeIgniter\BaseModel->insert(Array, true)
#7 F:\11. Web Development\Project Belajar\ci4_rest\app\Controllers\Notes.php(26): CodeIgniter\Model->insert(Array)
#8 F:\11. Web Development\Project Belajar\ci4_rest\system\CodeIgniter.php(932): App\Controllers\Notes->create()
#9 F:\11. Web Development\Project Belajar\ci4_rest\system\CodeIgniter.php(497): CodeIgniter\CodeIgniter->runController(Object(App\Controllers\Notes))
#10 F:\11. Web Development\Project Belajar\ci4_rest\system\CodeIgniter.php(366): CodeIgniter\CodeIgniter->handleRequest(NULL, Object(Config\Cache), false)
#11 F:\11. Web Development\Project Belajar\ci4_rest\public\index.php(67): CodeIgniter\CodeIgniter->run()
#12 F:\11. Web Development\Project Belajar\ci4_rest\system\Commands\Server\rewrite.php(47): require_once('F:\\11. Web Deve...')
#13 {main}
CRITICAL - 2023-06-26 02:25:22 --> Column 'title' cannot be null
in SYSTEMPATH\Database\MySQLi\Connection.php on line 295.
 1 SYSTEMPATH\Database\MySQLi\Connection.php(295): mysqli->query('INSERT INTO `notes` (`title`, `content`, `date`) VALUES (NULL, NULL, NULL)', 0)
 2 SYSTEMPATH\Database\BaseConnection.php(692): CodeIgniter\Database\MySQLi\Connection->execute('INSERT INTO `notes` (`title`, `content`, `date`) VALUES (NULL, NULL, NULL)')
 3 SYSTEMPATH\Database\BaseConnection.php(606): CodeIgniter\Database\BaseConnection->simpleQuery('INSERT INTO `notes` (`title`, `content`, `date`) VALUES (NULL, NULL, NULL)')
 4 SYSTEMPATH\Database\BaseBuilder.php(2309): CodeIgniter\Database\BaseConnection->query('INSERT INTO `notes` (`title`, `content`, `date`) VALUES (:title:, :content:, :date:)', [...], false)
 5 SYSTEMPATH\Model.php(330): CodeIgniter\Database\BaseBuilder->insert()
 6 SYSTEMPATH\BaseModel.php(782): CodeIgniter\Model->doInsert([...])
 7 SYSTEMPATH\Model.php(730): CodeIgniter\BaseModel->insert([...], true)
 8 APPPATH\Controllers\Notes.php(26): CodeIgniter\Model->insert([...])
 9 SYSTEMPATH\CodeIgniter.php(932): App\Controllers\Notes->create()
10 SYSTEMPATH\CodeIgniter.php(497): CodeIgniter\CodeIgniter->runController(Object(App\Controllers\Notes))
11 SYSTEMPATH\CodeIgniter.php(366): CodeIgniter\CodeIgniter->handleRequest(null, Object(Config\Cache), false)
12 FCPATH\index.php(67): CodeIgniter\CodeIgniter->run()
13 SYSTEMPATH\Commands\Server\rewrite.php(47): require_once('F:\\11. Web Development\\Project Belajar\\ci4_rest\\public\\index.php')
ERROR - 2023-06-26 02:25:59 --> mysqli_sql_exception: Column 'title' cannot be null in F:\11. Web Development\Project Belajar\ci4_rest\system\Database\MySQLi\Connection.php:295
Stack trace:
#0 F:\11. Web Development\Project Belajar\ci4_rest\system\Database\MySQLi\Connection.php(295): mysqli->query('INSERT INTO `no...', 0)
#1 F:\11. Web Development\Project Belajar\ci4_rest\system\Database\BaseConnection.php(692): CodeIgniter\Database\MySQLi\Connection->execute('INSERT INTO `no...')
#2 F:\11. Web Development\Project Belajar\ci4_rest\system\Database\BaseConnection.php(606): CodeIgniter\Database\BaseConnection->simpleQuery('INSERT INTO `no...')
#3 F:\11. Web Development\Project Belajar\ci4_rest\system\Database\BaseBuilder.php(2309): CodeIgniter\Database\BaseConnection->query('INSERT INTO `no...', Array, false)
#4 F:\11. Web Development\Project Belajar\ci4_rest\system\Model.php(330): CodeIgniter\Database\BaseBuilder->insert()
#5 F:\11. Web Development\Project Belajar\ci4_rest\system\BaseModel.php(782): CodeIgniter\Model->doInsert(Array)
#6 F:\11. Web Development\Project Belajar\ci4_rest\system\Model.php(730): CodeIgniter\BaseModel->insert(Array, true)
#7 F:\11. Web Development\Project Belajar\ci4_rest\app\Controllers\Notes.php(26): CodeIgniter\Model->insert(Array)
#8 F:\11. Web Development\Project Belajar\ci4_rest\system\CodeIgniter.php(932): App\Controllers\Notes->create()
#9 F:\11. Web Development\Project Belajar\ci4_rest\system\CodeIgniter.php(497): CodeIgniter\CodeIgniter->runController(Object(App\Controllers\Notes))
#10 F:\11. Web Development\Project Belajar\ci4_rest\system\CodeIgniter.php(366): CodeIgniter\CodeIgniter->handleRequest(NULL, Object(Config\Cache), false)
#11 F:\11. Web Development\Project Belajar\ci4_rest\public\index.php(67): CodeIgniter\CodeIgniter->run()
#12 F:\11. Web Development\Project Belajar\ci4_rest\system\Commands\Server\rewrite.php(47): require_once('F:\\11. Web Deve...')
#13 {main}
CRITICAL - 2023-06-26 02:25:59 --> Column 'title' cannot be null
in SYSTEMPATH\Database\MySQLi\Connection.php on line 295.
 1 SYSTEMPATH\Database\MySQLi\Connection.php(295): mysqli->query('INSERT INTO `notes` (`title`, `content`, `date`) VALUES (NULL, NULL, NULL)', 0)
 2 SYSTEMPATH\Database\BaseConnection.php(692): CodeIgniter\Database\MySQLi\Connection->execute('INSERT INTO `notes` (`title`, `content`, `date`) VALUES (NULL, NULL, NULL)')
 3 SYSTEMPATH\Database\BaseConnection.php(606): CodeIgniter\Database\BaseConnection->simpleQuery('INSERT INTO `notes` (`title`, `content`, `date`) VALUES (NULL, NULL, NULL)')
 4 SYSTEMPATH\Database\BaseBuilder.php(2309): CodeIgniter\Database\BaseConnection->query('INSERT INTO `notes` (`title`, `content`, `date`) VALUES (:title:, :content:, :date:)', [...], false)
 5 SYSTEMPATH\Model.php(330): CodeIgniter\Database\BaseBuilder->insert()
 6 SYSTEMPATH\BaseModel.php(782): CodeIgniter\Model->doInsert([...])
 7 SYSTEMPATH\Model.php(730): CodeIgniter\BaseModel->insert([...], true)
 8 APPPATH\Controllers\Notes.php(26): CodeIgniter\Model->insert([...])
 9 SYSTEMPATH\CodeIgniter.php(932): App\Controllers\Notes->create()
10 SYSTEMPATH\CodeIgniter.php(497): CodeIgniter\CodeIgniter->runController(Object(App\Controllers\Notes))
11 SYSTEMPATH\CodeIgniter.php(366): CodeIgniter\CodeIgniter->handleRequest(null, Object(Config\Cache), false)
12 FCPATH\index.php(67): CodeIgniter\CodeIgniter->run()
13 SYSTEMPATH\Commands\Server\rewrite.php(47): require_once('F:\\11. Web Development\\Project Belajar\\ci4_rest\\public\\index.php')
CRITICAL - 2023-06-26 02:27:03 --> Class name must be a valid object or a string
in APPPATH\Controllers\Notes.php on line 25.
 1 SYSTEMPATH\CodeIgniter.php(932): App\Controllers\Notes->create()
 2 SYSTEMPATH\CodeIgniter.php(497): CodeIgniter\CodeIgniter->runController(Object(App\Controllers\Notes))
 3 SYSTEMPATH\CodeIgniter.php(366): CodeIgniter\CodeIgniter->handleRequest(null, Object(Config\Cache), false)
 4 FCPATH\index.php(67): CodeIgniter\CodeIgniter->run()
 5 SYSTEMPATH\Commands\Server\rewrite.php(47): require_once('F:\\11. Web Development\\Project Belajar\\ci4_rest\\public\\index.php')
ERROR - 2023-06-26 02:29:00 --> mysqli_sql_exception: Column 'title' cannot be null in F:\11. Web Development\Project Belajar\ci4_rest\system\Database\MySQLi\Connection.php:295
Stack trace:
#0 F:\11. Web Development\Project Belajar\ci4_rest\system\Database\MySQLi\Connection.php(295): mysqli->query('INSERT INTO `no...', 0)
#1 F:\11. Web Development\Project Belajar\ci4_rest\system\Database\BaseConnection.php(692): CodeIgniter\Database\MySQLi\Connection->execute('INSERT INTO `no...')
#2 F:\11. Web Development\Project Belajar\ci4_rest\system\Database\BaseConnection.php(606): CodeIgniter\Database\BaseConnection->simpleQuery('INSERT INTO `no...')
#3 F:\11. Web Development\Project Belajar\ci4_rest\system\Database\BaseBuilder.php(2309): CodeIgniter\Database\BaseConnection->query('INSERT INTO `no...', Array, false)
#4 F:\11. Web Development\Project Belajar\ci4_rest\system\Model.php(330): CodeIgniter\Database\BaseBuilder->insert()
#5 F:\11. Web Development\Project Belajar\ci4_rest\system\BaseModel.php(782): CodeIgniter\Model->doInsert(Array)
#6 F:\11. Web Development\Project Belajar\ci4_rest\system\Model.php(730): CodeIgniter\BaseModel->insert(Array, true)
#7 F:\11. Web Development\Project Belajar\ci4_rest\app\Controllers\Notes.php(26): CodeIgniter\Model->insert(Array)
#8 F:\11. Web Development\Project Belajar\ci4_rest\system\CodeIgniter.php(932): App\Controllers\Notes->create()
#9 F:\11. Web Development\Project Belajar\ci4_rest\system\CodeIgniter.php(497): CodeIgniter\CodeIgniter->runController(Object(App\Controllers\Notes))
#10 F:\11. Web Development\Project Belajar\ci4_rest\system\CodeIgniter.php(366): CodeIgniter\CodeIgniter->handleRequest(NULL, Object(Config\Cache), false)
#11 F:\11. Web Development\Project Belajar\ci4_rest\public\index.php(67): CodeIgniter\CodeIgniter->run()
#12 F:\11. Web Development\Project Belajar\ci4_rest\system\Commands\Server\rewrite.php(47): require_once('F:\\11. Web Deve...')
#13 {main}
CRITICAL - 2023-06-26 02:29:00 --> Column 'title' cannot be null
in SYSTEMPATH\Database\MySQLi\Connection.php on line 295.
 1 SYSTEMPATH\Database\MySQLi\Connection.php(295): mysqli->query('INSERT INTO `notes` (`title`, `content`, `date`) VALUES (NULL, NULL, NULL)', 0)
 2 SYSTEMPATH\Database\BaseConnection.php(692): CodeIgniter\Database\MySQLi\Connection->execute('INSERT INTO `notes` (`title`, `content`, `date`) VALUES (NULL, NULL, NULL)')
 3 SYSTEMPATH\Database\BaseConnection.php(606): CodeIgniter\Database\BaseConnection->simpleQuery('INSERT INTO `notes` (`title`, `content`, `date`) VALUES (NULL, NULL, NULL)')
 4 SYSTEMPATH\Database\BaseBuilder.php(2309): CodeIgniter\Database\BaseConnection->query('INSERT INTO `notes` (`title`, `content`, `date`) VALUES (:title:, :content:, :date:)', [...], false)
 5 SYSTEMPATH\Model.php(330): CodeIgniter\Database\BaseBuilder->insert()
 6 SYSTEMPATH\BaseModel.php(782): CodeIgniter\Model->doInsert([...])
 7 SYSTEMPATH\Model.php(730): CodeIgniter\BaseModel->insert([...], true)
 8 APPPATH\Controllers\Notes.php(26): CodeIgniter\Model->insert([...])
 9 SYSTEMPATH\CodeIgniter.php(932): App\Controllers\Notes->create()
10 SYSTEMPATH\CodeIgniter.php(497): CodeIgniter\CodeIgniter->runController(Object(App\Controllers\Notes))
11 SYSTEMPATH\CodeIgniter.php(366): CodeIgniter\CodeIgniter->handleRequest(null, Object(Config\Cache), false)
12 FCPATH\index.php(67): CodeIgniter\CodeIgniter->run()
13 SYSTEMPATH\Commands\Server\rewrite.php(47): require_once('F:\\11. Web Development\\Project Belajar\\ci4_rest\\public\\index.php')
ERROR - 2023-06-26 02:36:45 --> mysqli_sql_exception: Column 'title' cannot be null in F:\11. Web Development\Project Belajar\ci4_rest\system\Database\MySQLi\Connection.php:295
Stack trace:
#0 F:\11. Web Development\Project Belajar\ci4_rest\system\Database\MySQLi\Connection.php(295): mysqli->query('INSERT INTO `no...', 0)
#1 F:\11. Web Development\Project Belajar\ci4_rest\system\Database\BaseConnection.php(692): CodeIgniter\Database\MySQLi\Connection->execute('INSERT INTO `no...')
#2 F:\11. Web Development\Project Belajar\ci4_rest\system\Database\BaseConnection.php(606): CodeIgniter\Database\BaseConnection->simpleQuery('INSERT INTO `no...')
#3 F:\11. Web Development\Project Belajar\ci4_rest\system\Database\BaseBuilder.php(2309): CodeIgniter\Database\BaseConnection->query('INSERT INTO `no...', Array, false)
#4 F:\11. Web Development\Project Belajar\ci4_rest\system\Model.php(330): CodeIgniter\Database\BaseBuilder->insert()
#5 F:\11. Web Development\Project Belajar\ci4_rest\system\BaseModel.php(782): CodeIgniter\Model->doInsert(Array)
#6 F:\11. Web Development\Project Belajar\ci4_rest\system\Model.php(730): CodeIgniter\BaseModel->insert(Array, true)
#7 F:\11. Web Development\Project Belajar\ci4_rest\app\Controllers\Notes.php(26): CodeIgniter\Model->insert(Array)
#8 F:\11. Web Development\Project Belajar\ci4_rest\system\CodeIgniter.php(932): App\Controllers\Notes->create()
#9 F:\11. Web Development\Project Belajar\ci4_rest\system\CodeIgniter.php(497): CodeIgniter\CodeIgniter->runController(Object(App\Controllers\Notes))
#10 F:\11. Web Development\Project Belajar\ci4_rest\system\CodeIgniter.php(366): CodeIgniter\CodeIgniter->handleRequest(NULL, Object(Config\Cache), false)
#11 F:\11. Web Development\Project Belajar\ci4_rest\public\index.php(67): CodeIgniter\CodeIgniter->run()
#12 F:\11. Web Development\Project Belajar\ci4_rest\system\Commands\Server\rewrite.php(47): require_once('F:\\11. Web Deve...')
#13 {main}
CRITICAL - 2023-06-26 02:36:45 --> Column 'title' cannot be null
in SYSTEMPATH\Database\MySQLi\Connection.php on line 295.
 1 SYSTEMPATH\Database\MySQLi\Connection.php(295): mysqli->query('INSERT INTO `notes` (`title`, `content`, `date`) VALUES (NULL, NULL, NULL)', 0)
 2 SYSTEMPATH\Database\BaseConnection.php(692): CodeIgniter\Database\MySQLi\Connection->execute('INSERT INTO `notes` (`title`, `content`, `date`) VALUES (NULL, NULL, NULL)')
 3 SYSTEMPATH\Database\BaseConnection.php(606): CodeIgniter\Database\BaseConnection->simpleQuery('INSERT INTO `notes` (`title`, `content`, `date`) VALUES (NULL, NULL, NULL)')
 4 SYSTEMPATH\Database\BaseBuilder.php(2309): CodeIgniter\Database\BaseConnection->query('INSERT INTO `notes` (`title`, `content`, `date`) VALUES (:title:, :content:, :date:)', [...], false)
 5 SYSTEMPATH\Model.php(330): CodeIgniter\Database\BaseBuilder->insert()
 6 SYSTEMPATH\BaseModel.php(782): CodeIgniter\Model->doInsert([...])
 7 SYSTEMPATH\Model.php(730): CodeIgniter\BaseModel->insert([...], true)
 8 APPPATH\Controllers\Notes.php(26): CodeIgniter\Model->insert([...])
 9 SYSTEMPATH\CodeIgniter.php(932): App\Controllers\Notes->create()
10 SYSTEMPATH\CodeIgniter.php(497): CodeIgniter\CodeIgniter->runController(Object(App\Controllers\Notes))
11 SYSTEMPATH\CodeIgniter.php(366): CodeIgniter\CodeIgniter->handleRequest(null, Object(Config\Cache), false)
12 FCPATH\index.php(67): CodeIgniter\CodeIgniter->run()
13 SYSTEMPATH\Commands\Server\rewrite.php(47): require_once('F:\\11. Web Development\\Project Belajar\\ci4_rest\\public\\index.php')
ERROR - 2023-06-26 02:37:16 --> mysqli_sql_exception: Column 'title' cannot be null in F:\11. Web Development\Project Belajar\ci4_rest\system\Database\MySQLi\Connection.php:295
Stack trace:
#0 F:\11. Web Development\Project Belajar\ci4_rest\system\Database\MySQLi\Connection.php(295): mysqli->query('INSERT INTO `no...', 0)
#1 F:\11. Web Development\Project Belajar\ci4_rest\system\Database\BaseConnection.php(692): CodeIgniter\Database\MySQLi\Connection->execute('INSERT INTO `no...')
#2 F:\11. Web Development\Project Belajar\ci4_rest\system\Database\BaseConnection.php(606): CodeIgniter\Database\BaseConnection->simpleQuery('INSERT INTO `no...')
#3 F:\11. Web Development\Project Belajar\ci4_rest\system\Database\BaseBuilder.php(2309): CodeIgniter\Database\BaseConnection->query('INSERT INTO `no...', Array, false)
#4 F:\11. Web Development\Project Belajar\ci4_rest\system\Model.php(330): CodeIgniter\Database\BaseBuilder->insert()
#5 F:\11. Web Development\Project Belajar\ci4_rest\system\BaseModel.php(782): CodeIgniter\Model->doInsert(Array)
#6 F:\11. Web Development\Project Belajar\ci4_rest\system\Model.php(730): CodeIgniter\BaseModel->insert(Array, true)
#7 F:\11. Web Development\Project Belajar\ci4_rest\app\Controllers\Notes.php(26): CodeIgniter\Model->insert(Array)
#8 F:\11. Web Development\Project Belajar\ci4_rest\system\CodeIgniter.php(932): App\Controllers\Notes->create()
#9 F:\11. Web Development\Project Belajar\ci4_rest\system\CodeIgniter.php(497): CodeIgniter\CodeIgniter->runController(Object(App\Controllers\Notes))
#10 F:\11. Web Development\Project Belajar\ci4_rest\system\CodeIgniter.php(366): CodeIgniter\CodeIgniter->handleRequest(NULL, Object(Config\Cache), false)
#11 F:\11. Web Development\Project Belajar\ci4_rest\public\index.php(67): CodeIgniter\CodeIgniter->run()
#12 F:\11. Web Development\Project Belajar\ci4_rest\system\Commands\Server\rewrite.php(47): require_once('F:\\11. Web Deve...')
#13 {main}
CRITICAL - 2023-06-26 02:37:16 --> Column 'title' cannot be null
in SYSTEMPATH\Database\MySQLi\Connection.php on line 295.
 1 SYSTEMPATH\Database\MySQLi\Connection.php(295): mysqli->query('INSERT INTO `notes` (`title`, `content`, `date`) VALUES (NULL, NULL, NULL)', 0)
 2 SYSTEMPATH\Database\BaseConnection.php(692): CodeIgniter\Database\MySQLi\Connection->execute('INSERT INTO `notes` (`title`, `content`, `date`) VALUES (NULL, NULL, NULL)')
 3 SYSTEMPATH\Database\BaseConnection.php(606): CodeIgniter\Database\BaseConnection->simpleQuery('INSERT INTO `notes` (`title`, `content`, `date`) VALUES (NULL, NULL, NULL)')
 4 SYSTEMPATH\Database\BaseBuilder.php(2309): CodeIgniter\Database\BaseConnection->query('INSERT INTO `notes` (`title`, `content`, `date`) VALUES (:title:, :content:, :date:)', [...], false)
 5 SYSTEMPATH\Model.php(330): CodeIgniter\Database\BaseBuilder->insert()
 6 SYSTEMPATH\BaseModel.php(782): CodeIgniter\Model->doInsert([...])
 7 SYSTEMPATH\Model.php(730): CodeIgniter\BaseModel->insert([...], true)
 8 APPPATH\Controllers\Notes.php(26): CodeIgniter\Model->insert([...])
 9 SYSTEMPATH\CodeIgniter.php(932): App\Controllers\Notes->create()
10 SYSTEMPATH\CodeIgniter.php(497): CodeIgniter\CodeIgniter->runController(Object(App\Controllers\Notes))
11 SYSTEMPATH\CodeIgniter.php(366): CodeIgniter\CodeIgniter->handleRequest(null, Object(Config\Cache), false)
12 FCPATH\index.php(67): CodeIgniter\CodeIgniter->run()
13 SYSTEMPATH\Commands\Server\rewrite.php(47): require_once('F:\\11. Web Development\\Project Belajar\\ci4_rest\\public\\index.php')
ERROR - 2023-06-26 02:38:36 --> mysqli_sql_exception: Column 'title' cannot be null in F:\11. Web Development\Project Belajar\ci4_rest\system\Database\MySQLi\Connection.php:295
Stack trace:
#0 F:\11. Web Development\Project Belajar\ci4_rest\system\Database\MySQLi\Connection.php(295): mysqli->query('INSERT INTO `no...', 0)
#1 F:\11. Web Development\Project Belajar\ci4_rest\system\Database\BaseConnection.php(692): CodeIgniter\Database\MySQLi\Connection->execute('INSERT INTO `no...')
#2 F:\11. Web Development\Project Belajar\ci4_rest\system\Database\BaseConnection.php(606): CodeIgniter\Database\BaseConnection->simpleQuery('INSERT INTO `no...')
#3 F:\11. Web Development\Project Belajar\ci4_rest\system\Database\BaseBuilder.php(2309): CodeIgniter\Database\BaseConnection->query('INSERT INTO `no...', Array, false)
#4 F:\11. Web Development\Project Belajar\ci4_rest\system\Model.php(330): CodeIgniter\Database\BaseBuilder->insert()
#5 F:\11. Web Development\Project Belajar\ci4_rest\system\BaseModel.php(782): CodeIgniter\Model->doInsert(Array)
#6 F:\11. Web Development\Project Belajar\ci4_rest\system\Model.php(730): CodeIgniter\BaseModel->insert(Array, true)
#7 F:\11. Web Development\Project Belajar\ci4_rest\app\Controllers\Notes.php(26): CodeIgniter\Model->insert(Array)
#8 F:\11. Web Development\Project Belajar\ci4_rest\system\CodeIgniter.php(932): App\Controllers\Notes->create()
#9 F:\11. Web Development\Project Belajar\ci4_rest\system\CodeIgniter.php(497): CodeIgniter\CodeIgniter->runController(Object(App\Controllers\Notes))
#10 F:\11. Web Development\Project Belajar\ci4_rest\system\CodeIgniter.php(366): CodeIgniter\CodeIgniter->handleRequest(NULL, Object(Config\Cache), false)
#11 F:\11. Web Development\Project Belajar\ci4_rest\public\index.php(67): CodeIgniter\CodeIgniter->run()
#12 F:\11. Web Development\Project Belajar\ci4_rest\system\Commands\Server\rewrite.php(47): require_once('F:\\11. Web Deve...')
#13 {main}
CRITICAL - 2023-06-26 02:38:36 --> Column 'title' cannot be null
in SYSTEMPATH\Database\MySQLi\Connection.php on line 295.
 1 SYSTEMPATH\Database\MySQLi\Connection.php(295): mysqli->query('INSERT INTO `notes` (`title`, `content`, `date`) VALUES (NULL, NULL, NULL)', 0)
 2 SYSTEMPATH\Database\BaseConnection.php(692): CodeIgniter\Database\MySQLi\Connection->execute('INSERT INTO `notes` (`title`, `content`, `date`) VALUES (NULL, NULL, NULL)')
 3 SYSTEMPATH\Database\BaseConnection.php(606): CodeIgniter\Database\BaseConnection->simpleQuery('INSERT INTO `notes` (`title`, `content`, `date`) VALUES (NULL, NULL, NULL)')
 4 SYSTEMPATH\Database\BaseBuilder.php(2309): CodeIgniter\Database\BaseConnection->query('INSERT INTO `notes` (`title`, `content`, `date`) VALUES (:title:, :content:, :date:)', [...], false)
 5 SYSTEMPATH\Model.php(330): CodeIgniter\Database\BaseBuilder->insert()
 6 SYSTEMPATH\BaseModel.php(782): CodeIgniter\Model->doInsert([...])
 7 SYSTEMPATH\Model.php(730): CodeIgniter\BaseModel->insert([...], true)
 8 APPPATH\Controllers\Notes.php(26): CodeIgniter\Model->insert([...])
 9 SYSTEMPATH\CodeIgniter.php(932): App\Controllers\Notes->create()
10 SYSTEMPATH\CodeIgniter.php(497): CodeIgniter\CodeIgniter->runController(Object(App\Controllers\Notes))
11 SYSTEMPATH\CodeIgniter.php(366): CodeIgniter\CodeIgniter->handleRequest(null, Object(Config\Cache), false)
12 FCPATH\index.php(67): CodeIgniter\CodeIgniter->run()
13 SYSTEMPATH\Commands\Server\rewrite.php(47): require_once('F:\\11. Web Development\\Project Belajar\\ci4_rest\\public\\index.php')
ERROR - 2023-06-26 23:03:11 --> Error connecting to the database: mysqli_sql_exception: Unknown database 'ci-restapi' in F:\11. Web Development\Project Belajar\ci-restapi\system\Database\MySQLi\Connection.php:174
Stack trace:
#0 F:\11. Web Development\Project Belajar\ci-restapi\system\Database\MySQLi\Connection.php(174): mysqli->real_connect('localhost', 'root', '', 'ci-restapi', 3306, '', 0)
#1 F:\11. Web Development\Project Belajar\ci-restapi\system\Database\BaseConnection.php(391): CodeIgniter\Database\MySQLi\Connection->connect(false)
#2 F:\11. Web Development\Project Belajar\ci-restapi\system\Database\BaseConnection.php(574): CodeIgniter\Database\BaseConnection->initialize()
#3 F:\11. Web Development\Project Belajar\ci-restapi\system\Database\BaseConnection.php(1409): CodeIgniter\Database\BaseConnection->query('SHOW TABLES FRO...')
#4 F:\11. Web Development\Project Belajar\ci-restapi\system\Database\BaseConnection.php(1428): CodeIgniter\Database\BaseConnection->listTables()
#5 F:\11. Web Development\Project Belajar\ci-restapi\system\Database\MigrationRunner.php(768): CodeIgniter\Database\BaseConnection->tableExists('migrations')
#6 F:\11. Web Development\Project Belajar\ci-restapi\system\Database\MigrationRunner.php(168): CodeIgniter\Database\MigrationRunner->ensureTable()
#7 F:\11. Web Development\Project Belajar\ci-restapi\system\Commands\Database\Migrate.php(84): CodeIgniter\Database\MigrationRunner->latest(NULL)
#8 F:\11. Web Development\Project Belajar\ci-restapi\system\CLI\Commands.php(65): CodeIgniter\Commands\Database\Migrate->run(Array)
#9 F:\11. Web Development\Project Belajar\ci-restapi\system\CLI\Console.php(37): CodeIgniter\CLI\Commands->run('migrate', Array)
#10 F:\11. Web Development\Project Belajar\ci-restapi\spark(97): CodeIgniter\CLI\Console->run()
#11 {main}

Next CodeIgniter\Database\Exceptions\DatabaseException: Unknown database 'ci-restapi' in F:\11. Web Development\Project Belajar\ci-restapi\system\Database\MySQLi\Connection.php:218
Stack trace:
#0 F:\11. Web Development\Project Belajar\ci-restapi\system\Database\BaseConnection.php(391): CodeIgniter\Database\MySQLi\Connection->connect(false)
#1 F:\11. Web Development\Project Belajar\ci-restapi\system\Database\BaseConnection.php(574): CodeIgniter\Database\BaseConnection->initialize()
#2 F:\11. Web Development\Project Belajar\ci-restapi\system\Database\BaseConnection.php(1409): CodeIgniter\Database\BaseConnection->query('SHOW TABLES FRO...')
#3 F:\11. Web Development\Project Belajar\ci-restapi\system\Database\BaseConnection.php(1428): CodeIgniter\Database\BaseConnection->listTables()
#4 F:\11. Web Development\Project Belajar\ci-restapi\system\Database\MigrationRunner.php(768): CodeIgniter\Database\BaseConnection->tableExists('migrations')
#5 F:\11. Web Development\Project Belajar\ci-restapi\system\Database\MigrationRunner.php(168): CodeIgniter\Database\MigrationRunner->ensureTable()
#6 F:\11. Web Development\Project Belajar\ci-restapi\system\Commands\Database\Migrate.php(84): CodeIgniter\Database\MigrationRunner->latest(NULL)
#7 F:\11. Web Development\Project Belajar\ci-restapi\system\CLI\Commands.php(65): CodeIgniter\Commands\Database\Migrate->run(Array)
#8 F:\11. Web Development\Project Belajar\ci-restapi\system\CLI\Console.php(37): CodeIgniter\CLI\Commands->run('migrate', Array)
#9 F:\11. Web Development\Project Belajar\ci-restapi\spark(97): CodeIgniter\CLI\Console->run()
#10 {main}
ERROR - 2023-06-26 23:32:56 --> mysqli_sql_exception: Column 'nama' cannot be null in F:\11. Web Development\Project Belajar\ci-restapi\system\Database\MySQLi\Connection.php:295
Stack trace:
#0 F:\11. Web Development\Project Belajar\ci-restapi\system\Database\MySQLi\Connection.php(295): mysqli->query('INSERT INTO `pe...', 0)
#1 F:\11. Web Development\Project Belajar\ci-restapi\system\Database\BaseConnection.php(692): CodeIgniter\Database\MySQLi\Connection->execute('INSERT INTO `pe...')
#2 F:\11. Web Development\Project Belajar\ci-restapi\system\Database\BaseConnection.php(606): CodeIgniter\Database\BaseConnection->simpleQuery('INSERT INTO `pe...')
#3 F:\11. Web Development\Project Belajar\ci-restapi\system\Database\BaseBuilder.php(2309): CodeIgniter\Database\BaseConnection->query('INSERT INTO `pe...', Array, false)
#4 F:\11. Web Development\Project Belajar\ci-restapi\system\Model.php(330): CodeIgniter\Database\BaseBuilder->insert()
#5 F:\11. Web Development\Project Belajar\ci-restapi\system\BaseModel.php(782): CodeIgniter\Model->doInsert(Array)
#6 F:\11. Web Development\Project Belajar\ci-restapi\system\Model.php(730): CodeIgniter\BaseModel->insert(Array, true)
#7 F:\11. Web Development\Project Belajar\ci-restapi\app\Controllers\PegawaiController.php(48): CodeIgniter\Model->insert(Array)
#8 F:\11. Web Development\Project Belajar\ci-restapi\system\CodeIgniter.php(932): App\Controllers\PegawaiController->create()
#9 F:\11. Web Development\Project Belajar\ci-restapi\system\CodeIgniter.php(497): CodeIgniter\CodeIgniter->runController(Object(App\Controllers\PegawaiController))
#10 F:\11. Web Development\Project Belajar\ci-restapi\system\CodeIgniter.php(366): CodeIgniter\CodeIgniter->handleRequest(NULL, Object(Config\Cache), false)
#11 F:\11. Web Development\Project Belajar\ci-restapi\public\index.php(67): CodeIgniter\CodeIgniter->run()
#12 F:\11. Web Development\Project Belajar\ci-restapi\system\Commands\Server\rewrite.php(47): require_once('F:\\11. Web Deve...')
#13 {main}
CRITICAL - 2023-06-26 23:32:56 --> Column 'nama' cannot be null
in SYSTEMPATH\Database\MySQLi\Connection.php on line 295.
 1 SYSTEMPATH\Database\MySQLi\Connection.php(295): mysqli->query('INSERT INTO `pegawai` (`nama`, `jabatan`, `bidang`, `alamat`, `email`, `created_at`, `updated_at`) VALUES (NULL, NULL, NULL, NULL, NULL, \'2023-06-26 23:32:56\', \'2023-06-26 23:32:56\')', 0)
 2 SYSTEMPATH\Database\BaseConnection.php(692): CodeIgniter\Database\MySQLi\Connection->execute('INSERT INTO `pegawai` (`nama`, `jabatan`, `bidang`, `alamat`, `email`, `created_at`, `updated_at`) VALUES (NULL, NULL, NULL, NULL, NULL, \'2023-06-26 23:32:56\', \'2023-06-26 23:32:56\')')
 3 SYSTEMPATH\Database\BaseConnection.php(606): CodeIgniter\Database\BaseConnection->simpleQuery('INSERT INTO `pegawai` (`nama`, `jabatan`, `bidang`, `alamat`, `email`, `created_at`, `updated_at`) VALUES (NULL, NULL, NULL, NULL, NULL, \'2023-06-26 23:32:56\', \'2023-06-26 23:32:56\')')
 4 SYSTEMPATH\Database\BaseBuilder.php(2309): CodeIgniter\Database\BaseConnection->query('INSERT INTO `pegawai` (`nama`, `jabatan`, `bidang`, `alamat`, `email`, `created_at`, `updated_at`) VALUES (:nama:, :jabatan:, :bidang:, :alamat:, :email:, :created_at:, :updated_at:)', [...], false)
 5 SYSTEMPATH\Model.php(330): CodeIgniter\Database\BaseBuilder->insert()
 6 SYSTEMPATH\BaseModel.php(782): CodeIgniter\Model->doInsert([...])
 7 SYSTEMPATH\Model.php(730): CodeIgniter\BaseModel->insert([...], true)
 8 APPPATH\Controllers\PegawaiController.php(48): CodeIgniter\Model->insert([...])
 9 SYSTEMPATH\CodeIgniter.php(932): App\Controllers\PegawaiController->create()
10 SYSTEMPATH\CodeIgniter.php(497): CodeIgniter\CodeIgniter->runController(Object(App\Controllers\PegawaiController))
11 SYSTEMPATH\CodeIgniter.php(366): CodeIgniter\CodeIgniter->handleRequest(null, Object(Config\Cache), false)
12 FCPATH\index.php(67): CodeIgniter\CodeIgniter->run()
13 SYSTEMPATH\Commands\Server\rewrite.php(47): require_once('F:\\11. Web Development\\Project Belajar\\ci-restapi\\public\\index.php')
ERROR - 2023-06-26 23:35:11 --> mysqli_sql_exception: Column 'nama' cannot be null in F:\11. Web Development\Project Belajar\ci-restapi\system\Database\MySQLi\Connection.php:295
Stack trace:
#0 F:\11. Web Development\Project Belajar\ci-restapi\system\Database\MySQLi\Connection.php(295): mysqli->query('INSERT INTO `pe...', 0)
#1 F:\11. Web Development\Project Belajar\ci-restapi\system\Database\BaseConnection.php(692): CodeIgniter\Database\MySQLi\Connection->execute('INSERT INTO `pe...')
#2 F:\11. Web Development\Project Belajar\ci-restapi\system\Database\BaseConnection.php(606): CodeIgniter\Database\BaseConnection->simpleQuery('INSERT INTO `pe...')
#3 F:\11. Web Development\Project Belajar\ci-restapi\system\Database\BaseBuilder.php(2309): CodeIgniter\Database\BaseConnection->query('INSERT INTO `pe...', Array, false)
#4 F:\11. Web Development\Project Belajar\ci-restapi\system\Model.php(330): CodeIgniter\Database\BaseBuilder->insert()
#5 F:\11. Web Development\Project Belajar\ci-restapi\system\BaseModel.php(782): CodeIgniter\Model->doInsert(Array)
#6 F:\11. Web Development\Project Belajar\ci-restapi\system\Model.php(730): CodeIgniter\BaseModel->insert(Array, true)
#7 F:\11. Web Development\Project Belajar\ci-restapi\app\Controllers\PegawaiController.php(48): CodeIgniter\Model->insert(Array)
#8 F:\11. Web Development\Project Belajar\ci-restapi\system\CodeIgniter.php(932): App\Controllers\PegawaiController->create()
#9 F:\11. Web Development\Project Belajar\ci-restapi\system\CodeIgniter.php(497): CodeIgniter\CodeIgniter->runController(Object(App\Controllers\PegawaiController))
#10 F:\11. Web Development\Project Belajar\ci-restapi\system\CodeIgniter.php(366): CodeIgniter\CodeIgniter->handleRequest(NULL, Object(Config\Cache), false)
#11 F:\11. Web Development\Project Belajar\ci-restapi\public\index.php(67): CodeIgniter\CodeIgniter->run()
#12 F:\11. Web Development\Project Belajar\ci-restapi\system\Commands\Server\rewrite.php(47): require_once('F:\\11. Web Deve...')
#13 {main}
CRITICAL - 2023-06-26 23:35:11 --> Column 'nama' cannot be null
in SYSTEMPATH\Database\MySQLi\Connection.php on line 295.
 1 SYSTEMPATH\Database\MySQLi\Connection.php(295): mysqli->query('INSERT INTO `pegawai` (`nama`, `jabatan`, `bidang`, `alamat`, `email`, `created_at`, `updated_at`) VALUES (NULL, NULL, NULL, NULL, NULL, \'2023-06-26 23:35:11\', \'2023-06-26 23:35:11\')', 0)
 2 SYSTEMPATH\Database\BaseConnection.php(692): CodeIgniter\Database\MySQLi\Connection->execute('INSERT INTO `pegawai` (`nama`, `jabatan`, `bidang`, `alamat`, `email`, `created_at`, `updated_at`) VALUES (NULL, NULL, NULL, NULL, NULL, \'2023-06-26 23:35:11\', \'2023-06-26 23:35:11\')')
 3 SYSTEMPATH\Database\BaseConnection.php(606): CodeIgniter\Database\BaseConnection->simpleQuery('INSERT INTO `pegawai` (`nama`, `jabatan`, `bidang`, `alamat`, `email`, `created_at`, `updated_at`) VALUES (NULL, NULL, NULL, NULL, NULL, \'2023-06-26 23:35:11\', \'2023-06-26 23:35:11\')')
 4 SYSTEMPATH\Database\BaseBuilder.php(2309): CodeIgniter\Database\BaseConnection->query('INSERT INTO `pegawai` (`nama`, `jabatan`, `bidang`, `alamat`, `email`, `created_at`, `updated_at`) VALUES (:nama:, :jabatan:, :bidang:, :alamat:, :email:, :created_at:, :updated_at:)', [...], false)
 5 SYSTEMPATH\Model.php(330): CodeIgniter\Database\BaseBuilder->insert()
 6 SYSTEMPATH\BaseModel.php(782): CodeIgniter\Model->doInsert([...])
 7 SYSTEMPATH\Model.php(730): CodeIgniter\BaseModel->insert([...], true)
 8 APPPATH\Controllers\PegawaiController.php(48): CodeIgniter\Model->insert([...])
 9 SYSTEMPATH\CodeIgniter.php(932): App\Controllers\PegawaiController->create()
10 SYSTEMPATH\CodeIgniter.php(497): CodeIgniter\CodeIgniter->runController(Object(App\Controllers\PegawaiController))
11 SYSTEMPATH\CodeIgniter.php(366): CodeIgniter\CodeIgniter->handleRequest(null, Object(Config\Cache), false)
12 FCPATH\index.php(67): CodeIgniter\CodeIgniter->run()
13 SYSTEMPATH\Commands\Server\rewrite.php(47): require_once('F:\\11. Web Development\\Project Belajar\\ci-restapi\\public\\index.php')
ERROR - 2023-06-26 23:36:00 --> mysqli_sql_exception: Column 'nama' cannot be null in F:\11. Web Development\Project Belajar\ci-restapi\system\Database\MySQLi\Connection.php:295
Stack trace:
#0 F:\11. Web Development\Project Belajar\ci-restapi\system\Database\MySQLi\Connection.php(295): mysqli->query('INSERT INTO `pe...', 0)
#1 F:\11. Web Development\Project Belajar\ci-restapi\system\Database\BaseConnection.php(692): CodeIgniter\Database\MySQLi\Connection->execute('INSERT INTO `pe...')
#2 F:\11. Web Development\Project Belajar\ci-restapi\system\Database\BaseConnection.php(606): CodeIgniter\Database\BaseConnection->simpleQuery('INSERT INTO `pe...')
#3 F:\11. Web Development\Project Belajar\ci-restapi\system\Database\BaseBuilder.php(2309): CodeIgniter\Database\BaseConnection->query('INSERT INTO `pe...', Array, false)
#4 F:\11. Web Development\Project Belajar\ci-restapi\system\Model.php(330): CodeIgniter\Database\BaseBuilder->insert()
#5 F:\11. Web Development\Project Belajar\ci-restapi\system\BaseModel.php(782): CodeIgniter\Model->doInsert(Array)
#6 F:\11. Web Development\Project Belajar\ci-restapi\system\Model.php(730): CodeIgniter\BaseModel->insert(Array, true)
#7 F:\11. Web Development\Project Belajar\ci-restapi\app\Controllers\PegawaiController.php(48): CodeIgniter\Model->insert(Array)
#8 F:\11. Web Development\Project Belajar\ci-restapi\system\CodeIgniter.php(932): App\Controllers\PegawaiController->create()
#9 F:\11. Web Development\Project Belajar\ci-restapi\system\CodeIgniter.php(497): CodeIgniter\CodeIgniter->runController(Object(App\Controllers\PegawaiController))
#10 F:\11. Web Development\Project Belajar\ci-restapi\system\CodeIgniter.php(366): CodeIgniter\CodeIgniter->handleRequest(NULL, Object(Config\Cache), false)
#11 F:\11. Web Development\Project Belajar\ci-restapi\public\index.php(67): CodeIgniter\CodeIgniter->run()
#12 F:\11. Web Development\Project Belajar\ci-restapi\system\Commands\Server\rewrite.php(47): require_once('F:\\11. Web Deve...')
#13 {main}
CRITICAL - 2023-06-26 23:36:00 --> Column 'nama' cannot be null
in SYSTEMPATH\Database\MySQLi\Connection.php on line 295.
 1 SYSTEMPATH\Database\MySQLi\Connection.php(295): mysqli->query('INSERT INTO `pegawai` (`nama`, `jabatan`, `bidang`, `alamat`, `email`, `created_at`, `updated_at`) VALUES (NULL, NULL, NULL, NULL, NULL, \'2023-06-26 23:36:00\', \'2023-06-26 23:36:00\')', 0)
 2 SYSTEMPATH\Database\BaseConnection.php(692): CodeIgniter\Database\MySQLi\Connection->execute('INSERT INTO `pegawai` (`nama`, `jabatan`, `bidang`, `alamat`, `email`, `created_at`, `updated_at`) VALUES (NULL, NULL, NULL, NULL, NULL, \'2023-06-26 23:36:00\', \'2023-06-26 23:36:00\')')
 3 SYSTEMPATH\Database\BaseConnection.php(606): CodeIgniter\Database\BaseConnection->simpleQuery('INSERT INTO `pegawai` (`nama`, `jabatan`, `bidang`, `alamat`, `email`, `created_at`, `updated_at`) VALUES (NULL, NULL, NULL, NULL, NULL, \'2023-06-26 23:36:00\', \'2023-06-26 23:36:00\')')
 4 SYSTEMPATH\Database\BaseBuilder.php(2309): CodeIgniter\Database\BaseConnection->query('INSERT INTO `pegawai` (`nama`, `jabatan`, `bidang`, `alamat`, `email`, `created_at`, `updated_at`) VALUES (:nama:, :jabatan:, :bidang:, :alamat:, :email:, :created_at:, :updated_at:)', [...], false)
 5 SYSTEMPATH\Model.php(330): CodeIgniter\Database\BaseBuilder->insert()
 6 SYSTEMPATH\BaseModel.php(782): CodeIgniter\Model->doInsert([...])
 7 SYSTEMPATH\Model.php(730): CodeIgniter\BaseModel->insert([...], true)
 8 APPPATH\Controllers\PegawaiController.php(48): CodeIgniter\Model->insert([...])
 9 SYSTEMPATH\CodeIgniter.php(932): App\Controllers\PegawaiController->create()
10 SYSTEMPATH\CodeIgniter.php(497): CodeIgniter\CodeIgniter->runController(Object(App\Controllers\PegawaiController))
11 SYSTEMPATH\CodeIgniter.php(366): CodeIgniter\CodeIgniter->handleRequest(null, Object(Config\Cache), false)
12 FCPATH\index.php(67): CodeIgniter\CodeIgniter->run()
13 SYSTEMPATH\Commands\Server\rewrite.php(47): require_once('F:\\11. Web Development\\Project Belajar\\ci-restapi\\public\\index.php')
